<<<<<<< HEAD
﻿Log file open, 11/07/18 02:06:52
=======
﻿Log file open, 11/07/18 09:58:05
>>>>>>> b649a1ce05a9b6d1f289489cac45b54ad1910b17
LogWindows: Failed to load 'aqProf.dll' (GetLastError=126)
LogWindows: File 'aqProf.dll' does not exist
LogWindows: Failed to load 'VSPerf140.dll' (GetLastError=126)
LogWindows: File 'VSPerf140.dll' does not exist
LogWindows: Failed to load 'VtuneApi.dll' (GetLastError=126)
LogWindows: File 'VtuneApi.dll' does not exist
LogWindows: Failed to load 'VtuneApi32e.dll' (GetLastError=126)
LogWindows: File 'VtuneApi32e.dll' does not exist
LogInit: Display: Running engine for game: JamCraft
LogPlatformFile: Not using cached read wrapper
<<<<<<< HEAD
LogTaskGraph: Started task graph with 5 named threads and 35 total threads with 3 sets of task threads.
LogStats: Stats thread started at 0.414100
=======
LogTaskGraph: Started task graph with 5 named threads and 14 total threads with 3 sets of task threads.
LogStats: Stats thread started at 0.191788
>>>>>>> b649a1ce05a9b6d1f289489cac45b54ad1910b17
LogD3D11RHI: Loaded GFSDK_Aftermath_Lib.x64.dll
LogICUInternationalization: Display: ICU TimeZone Detection - Raw Offset: -8:00, Platform Override: ''
LogPluginManager: Mounting plugin Paper2D
LogPluginManager: Mounting plugin AISupport
LogPluginManager: Mounting plugin LightPropagationVolume
LogPluginManager: Mounting plugin CLionSourceCodeAccess
LogPluginManager: Mounting plugin CodeLiteSourceCodeAccess
LogPluginManager: Mounting plugin GitSourceControl
LogPluginManager: Mounting plugin KDevelopSourceCodeAccess
LogPluginManager: Mounting plugin NullSourceCodeAccess
LogPluginManager: Mounting plugin PerforceSourceControl
LogPluginManager: Mounting plugin SubversionSourceControl
LogPluginManager: Mounting plugin UObjectPlugin
LogPluginManager: Mounting plugin VisualStudioCodeSourceCodeAccess
LogPluginManager: Mounting plugin VisualStudioSourceCodeAccess
LogPluginManager: Mounting plugin XCodeSourceCodeAccess
LogPluginManager: Mounting plugin AssetManagerEditor
LogPluginManager: Mounting plugin CryptoKeys
LogPluginManager: Mounting plugin DataValidation
LogPluginManager: Mounting plugin FacialAnimation
LogPluginManager: Mounting plugin GameplayTagsEditor
LogPluginManager: Mounting plugin MacGraphicsSwitching
LogPluginManager: Mounting plugin MeshEditor
LogPluginManager: Mounting plugin MobileLauncherProfileWizard
LogPluginManager: Mounting plugin PluginBrowser
LogPluginManager: Mounting plugin SpeedTreeImporter
LogPluginManager: Mounting plugin DatasmithContent
LogPluginManager: Mounting plugin AlembicImporter
LogPluginManager: Mounting plugin AppleImageUtils
LogPluginManager: Mounting plugin AppleVision
LogPluginManager: Mounting plugin BackChannel
LogPluginManager: Mounting plugin CharacterAI
LogPluginManager: Mounting plugin GeometryCache
LogPluginManager: Mounting plugin HTML5Networking
LogPluginManager: Mounting plugin ProxyLODPlugin
LogPluginManager: Mounting plugin FMODStudio
LogPluginManager: Mounting plugin MagicLeap
LogPluginManager: Mounting plugin MagicLeapEmulator
LogPluginManager: Mounting plugin MagicLeapMedia
LogPluginManager: Mounting plugin AndroidMedia
LogPluginManager: Mounting plugin AvfMedia
LogPluginManager: Mounting plugin ImgMedia
LogPluginManager: Mounting plugin LinearTimecode
LogPluginManager: Mounting plugin MediaCompositing
LogPluginManager: Mounting plugin MediaPlayerEditor
LogPluginManager: Mounting plugin WmfMedia
LogPluginManager: Mounting plugin TcpMessaging
LogPluginManager: Mounting plugin UdpMessaging
LogPluginManager: Mounting plugin ActorSequence
LogPluginManager: Mounting plugin LevelSequenceEditor
LogPluginManager: Mounting plugin MatineeToLevelSequence
LogPluginManager: Mounting plugin NetcodeUnitTest
LogPluginManager: Mounting plugin NUTUnrealEngine4
LogPluginManager: Mounting plugin OnlineSubsystemGooglePlay
LogPluginManager: Mounting plugin OnlineSubsystemIOS
LogPluginManager: Mounting plugin OnlineSubsystem
LogPluginManager: Mounting plugin OnlineSubsystemNull
LogPluginManager: Mounting plugin OnlineSubsystemUtils
LogPluginManager: Mounting plugin LauncherChunkInstaller
LogPluginManager: Mounting plugin AndroidDeviceProfileSelector
LogPluginManager: Mounting plugin AndroidMoviePlayer
LogPluginManager: Mounting plugin AndroidPermission
LogPluginManager: Mounting plugin AppleMoviePlayer
LogPluginManager: Mounting plugin ArchVisCharacter
LogPluginManager: Mounting plugin AudioCapture
LogPluginManager: Mounting plugin CableComponent
LogPluginManager: Mounting plugin CustomMeshComponent
LogPluginManager: Mounting plugin EditableMesh
LogPluginManager: Mounting plugin ExampleDeviceProfileSelector
LogPluginManager: Mounting plugin GoogleCloudMessaging
LogPluginManager: Mounting plugin ImmediatePhysics
LogPluginManager: Mounting plugin IOSDeviceProfileSelector
LogPluginManager: Mounting plugin LinuxDeviceProfileSelector
LogPluginManager: Mounting plugin LocationServicesBPLibrary
LogPluginManager: Mounting plugin MobilePatchingUtils
LogPluginManager: Mounting plugin OculusVR
LogPluginManager: Plugin shader directory ../../../Engine/Plugins/Runtime/Oculus/OculusVR/Shaders found
LogPluginManager: Mapping shader source directory ../../../Engine/Plugins/Runtime/Oculus/OculusVR/Shaders to virtual directory /Plugin/OculusVR
LogPluginManager: Mounting plugin PhysXVehicles
LogPluginManager: Mounting plugin ProceduralMeshComponent
LogPluginManager: Mounting plugin RuntimePhysXCooking
LogPluginManager: Mounting plugin SteamVR
LogPluginManager: Mounting plugin WindowsMoviePlayer
<<<<<<< HEAD
LogStreaming: Display: Took  1.938s to configure plugins.
=======
LogStreaming: Display: Took  0.112s to configure plugins.
>>>>>>> b649a1ce05a9b6d1f289489cac45b54ad1910b17
LogInit: Using libcurl 7.55.1-DEV
LogInit:  - built for x86_64-pc-win32
LogInit:  - supports SSL with OpenSSL/1.0.2h
LogInit:  - supports HTTP deflate (compression) using libz 1.2.8
LogInit:  - other features:
LogInit:      CURL_VERSION_SSL
LogInit:      CURL_VERSION_LIBZ
LogInit:      CURL_VERSION_IPV6
LogInit:      CURL_VERSION_ASYNCHDNS
LogInit:      CURL_VERSION_LARGEFILE
LogInit:      CURL_VERSION_IDN
LogInit:  CurlRequestOptions (configurable via config and command line):
LogInit:  - bVerifyPeer = false  - Libcurl will NOT verify peer certificate
LogInit:  - bUseHttpProxy = false  - Libcurl will NOT use HTTP proxy
LogInit:  - bDontReuseConnections = false  - Libcurl will reuse connections
LogInit:  - CertBundlePath = nullptr  - Libcurl will use whatever was configured at build time.
LogInit:  - MaxHostConnections = 16  - Libcurl will limit the number of connections to a host
LogInit:  - LocalHostAddr = Default
LogInit:  - BufferSize = 65536
LogInit: WinSock: version 1.1 (2.2), MaxSocks=32767, MaxUdp=65467
LogInit: Build: ++UE4+Release-4.20-CL-4369336
LogInit: Engine Version: 4.20.3-4369336+++UE4+Release-4.20
LogInit: Compatible Engine Version: 4.20.0-4212847+++UE4+Release-4.20
LogInit: Net CL: 4212847
LogInit: OS: Windows 10 (), CPU: Intel(R) Core(TM) i7-8700K CPU @ 3.70GHz, GPU: Intel(R) UHD Graphics 630
LogInit: Compiled (64-bit): Sep 17 2018 12:26:19
LogInit: Compiled with Visual C++: 19.13.26129.00
LogInit: Build Configuration: Development
LogInit: Branch Name: ++UE4+Release-4.20
LogInit: Command Line:  
LogInit: Base Directory: E:/UE_4.20/Engine/Binaries/Win64/
LogInit: Installed Engine Build: 1
LogDevObjectVersion: Number of dev versions registered: 20
LogDevObjectVersion:   Dev-Blueprints (B0D832E4-1F89-4F0D-ACCF-7EB736FD4AA2): 10
LogDevObjectVersion:   Dev-Build (E1C64328-A22C-4D53-A36C-8E866417BD8C): 0
LogDevObjectVersion:   Dev-Core (375EC13C-06E4-48FB-B500-84F0262A717E): 2
LogDevObjectVersion:   Dev-Editor (E4B068ED-F494-42E9-A231-DA0B2E46BB41): 24
LogDevObjectVersion:   Dev-Framework (CFFC743F-43B0-4480-9391-14DF171D2073): 34
LogDevObjectVersion:   Dev-Mobile (B02B49B5-BB20-44E9-A304-32B752E40360): 2
LogDevObjectVersion:   Dev-Networking (A4E4105C-59A1-49B5-A7C5-40C4547EDFEE): 0
LogDevObjectVersion:   Dev-Online (39C831C9-5AE6-47DC-9A44-9C173E1C8E7C): 0
LogDevObjectVersion:   Dev-Physics (78F01B33-EBEA-4F98-B9B4-84EACCB95AA2): 0
LogDevObjectVersion:   Dev-Platform (6631380F-2D4D-43E0-8009-CF276956A95A): 0
LogDevObjectVersion:   Dev-Rendering (12F88B9F-8875-4AFC-A67C-D90C383ABD29): 26
LogDevObjectVersion:   Dev-Sequencer (7B5AE74C-D270-4C10-A958-57980B212A5A): 9
LogDevObjectVersion:   Dev-VR (D7296918-1DD6-4BDD-9DE2-64A83CC13884): 2
LogDevObjectVersion:   Dev-LoadTimes (C2A15278-BFE7-4AFE-6C17-90FF531DF755): 1
LogDevObjectVersion:   Private-Geometry (6EACA3D4-40EC-4CC1-B786-8BED09428FC5): 3
LogDevObjectVersion:   Dev-AnimPhys (29E575DD-E0A3-4627-9D10-D276232CDCEA): 17
LogDevObjectVersion:   Dev-ReflectionCapture (6B266CEC-1EC7-4B8F-A30B-E4D90942FC07): 1
LogDevObjectVersion:   Dev-Automation (0DF73D61-A23F-47EA-B727-89E90C41499A): 1
LogDevObjectVersion:   FortniteMain (601D1886-AC64-4F84-AA16-D3DE0DEAC7D6): 12
LogDevObjectVersion:   Dev-Enterprise (9DFFBCD6-494F-0158-E221-12823C92A888): 1
LogStreaming: Display: Took  0.002s to delete old logs.
LogInit: Presizing for max 8388607 objects, including 0 objects not considered by GC, pre-allocating 0 bytes for permanent pool.
LogInit: Object subsystem initialized
<<<<<<< HEAD
[2018.11.07-10.06.55:706][  0]LogInit: Selected Device Profile: [Windows]
[2018.11.07-10.06.55:707][  0]LogInit: Applying CVar settings loaded from the selected device profile: [Windows]
[2018.11.07-10.06.55:739][  0]LogHAL: Display: Platform has ~ 16 GB [17042370560 / 17179869184 / 16], which maps to Larger [LargestMinGB=32, LargerMinGB=12, DefaultMinGB=8, SmallerMinGB=6, SmallestMinGB=0)
[2018.11.07-10.06.55:765][  0]LogInit: Setting Device Profile CVar: [[r.Vulkan.UseRealUBs:1]]
[2018.11.07-10.06.55:768][  0]LogInit: Going up to parent DeviceProfile []
[2018.11.07-10.06.55:806][  0]LogInit: Computer: DESKTOP-H144DRM
[2018.11.07-10.06.55:806][  0]LogInit: User: Alola
[2018.11.07-10.06.55:806][  0]LogInit: CPU Page size=4096, Cores=6
[2018.11.07-10.06.55:806][  0]LogInit: High frequency timer resolution =3.609381 MHz
[2018.11.07-10.06.55:806][  0]LogMemory: Memory total: Physical=15.9GB (16GB approx)
[2018.11.07-10.06.55:806][  0]LogMemory: Platform Memory Stats for Windows
[2018.11.07-10.06.55:806][  0]LogMemory: Process Physical Memory: 103.13 MB used, 103.13 MB peak
[2018.11.07-10.06.55:806][  0]LogMemory: Process Virtual Memory: 88.35 MB used, 88.35 MB peak
[2018.11.07-10.06.55:806][  0]LogMemory: Physical Memory: 5654.31 MB used,  10598.56 MB free, 16252.87 MB total
[2018.11.07-10.06.55:806][  0]LogMemory: Virtual Memory: 4645.77 MB used,  10598.56 MB free, 134217728.00 MB total
[2018.11.07-10.06.56:612][  0]LogInit: Using OS detected language (en-US).
[2018.11.07-10.06.56:612][  0]LogInit: Using OS detected locale (en-GB).
[2018.11.07-10.06.56:664][  0]LogTextLocalizationManager: No specific localization for 'en-US' exists, so the 'en' localization will be used.
[2018.11.07-10.06.57:422][  0]LogStreaming: Display: Took  0.805s to InitEngineTextLocalization.
[2018.11.07-10.06.57:439][  0]LogInit: Setting process to per monitor DPI aware
[2018.11.07-10.06.58:053][  0]LogSlate: New Slate User Created.  User Index 0, Is Virtual User: 0
[2018.11.07-10.06.58:053][  0]LogSlate: Slate User Registered.  User Index 0, Is Virtual User: 0
[2018.11.07-10.06.58:663][  0]LogHMD: Failed to initialize OpenVR with code 110
[2018.11.07-10.06.58:663][  0]LogD3D11RHI: D3D11 adapters:
[2018.11.07-10.06.58:674][  0]LogD3D11RHI:    0. 'Intel(R) UHD Graphics 630' (Feature Level 11_0)
[2018.11.07-10.06.58:674][  0]LogD3D11RHI:       128/0/8126 MB DedicatedVideo/DedicatedSystem/SharedSystem, Outputs:1, VendorId:0x8086
[2018.11.07-10.06.58:796][  0]LogD3D11RHI:    1. 'NVIDIA GeForce GTX 1080 Ti' (Feature Level 11_0)
[2018.11.07-10.06.58:796][  0]LogD3D11RHI:       11128/0/8126 MB DedicatedVideo/DedicatedSystem/SharedSystem, Outputs:1, VendorId:0x10de
[2018.11.07-10.06.58:798][  0]LogD3D11RHI:    2. 'Microsoft Basic Render Driver' (Feature Level 11_0)
[2018.11.07-10.06.58:798][  0]LogD3D11RHI:       0/0/8126 MB DedicatedVideo/DedicatedSystem/SharedSystem, Outputs:0, VendorId:0x1414
[2018.11.07-10.06.58:798][  0]LogD3D11RHI: Chosen D3D11 Adapter: 1
[2018.11.07-10.06.58:814][  0]LogD3D11RHI: Creating new Direct3DDevice
[2018.11.07-10.06.58:814][  0]LogD3D11RHI:     GPU DeviceId: 0x1b06 (for the marketing name, search the web for "GPU Device Id")
[2018.11.07-10.06.58:829][  0]LogWindows: EnumDisplayDevices:
[2018.11.07-10.06.58:829][  0]LogWindows:    0. 'Intel(R) UHD Graphics 630' (P:1 D:1)
[2018.11.07-10.06.58:829][  0]LogWindows:    1. 'Intel(R) UHD Graphics 630' (P:0 D:0)
[2018.11.07-10.06.58:829][  0]LogWindows:    2. 'Intel(R) UHD Graphics 630' (P:0 D:0)
[2018.11.07-10.06.58:829][  0]LogWindows:    3. 'NVIDIA GeForce GTX 1080 Ti' (P:0 D:1)
[2018.11.07-10.06.58:830][  0]LogWindows:    4. 'NVIDIA GeForce GTX 1080 Ti' (P:0 D:0)
[2018.11.07-10.06.58:830][  0]LogWindows:    5. 'NVIDIA GeForce GTX 1080 Ti' (P:0 D:0)
[2018.11.07-10.06.58:830][  0]LogWindows:    6. 'NVIDIA GeForce GTX 1080 Ti' (P:0 D:0)
[2018.11.07-10.06.58:830][  0]LogWindows: DebugString: PrimaryIsNotTheChoosenAdapter PrimaryIsNotTheChoosenAdapter PrimaryIsNotTheChoosenAdapter FoundDriverCount:4 
[2018.11.07-10.06.58:830][  0]LogD3D11RHI:     Adapter Name: NVIDIA GeForce GTX 1080 Ti
[2018.11.07-10.06.58:831][  0]LogD3D11RHI:   Driver Version: 411.63 (internal:24.21.14.1163, unified:411.63)
[2018.11.07-10.06.58:831][  0]LogD3D11RHI:      Driver Date: 9-18-2018
[2018.11.07-10.06.58:831][  0]LogRHI: Texture pool is 7789 MB (70% of 11128 MB)
[2018.11.07-10.06.58:889][  0]LogD3D11RHI: Async texture creation enabled
[2018.11.07-10.06.59:201][  0]LogD3D11RHI: GPU Timing Frequency: 1000.000000 (Debug: 2 2)
[2018.11.07-10.06.59:284][  0]LogShaderCompilers: Guid format shader working directory is 15 characters bigger than the processId version (../../../../JamCraft-3/JamCraft/Intermediate/Shaders/WorkingDirectory/1264/).
[2018.11.07-10.06.59:285][  0]LogShaderCompilers: Cleaned the shader compiler working directory 'C:/Users/Alola/AppData/Local/Temp/UnrealShaderWorkingDir/4890C0B24B557740825D629A28B1931D/'.
[2018.11.07-10.07.00:033][  0]LogTemp: Display: Loaded TP AllDesktopTargetPlatform
[2018.11.07-10.07.00:091][  0]LogTemp: Display: Loaded TP MacClientTargetPlatform
[2018.11.07-10.07.00:119][  0]LogTemp: Display: Loaded TP MacNoEditorTargetPlatform
[2018.11.07-10.07.00:136][  0]LogTemp: Display: Loaded TP MacServerTargetPlatform
[2018.11.07-10.07.00:166][  0]LogTemp: Display: Loaded TP MacTargetPlatform
[2018.11.07-10.07.00:194][  0]LogTemp: Display: Loaded TP WindowsClientTargetPlatform
[2018.11.07-10.07.00:218][  0]LogTemp: Display: Loaded TP WindowsNoEditorTargetPlatform
[2018.11.07-10.07.00:281][  0]LogTemp: Display: Loaded TP WindowsServerTargetPlatform
[2018.11.07-10.07.00:299][  0]LogTemp: Display: Loaded TP WindowsTargetPlatform
[2018.11.07-10.07.00:374][  0]LogTemp: Display: Loaded TP AndroidTargetPlatform
[2018.11.07-10.07.00:374][  0]LogTemp: Display: Loaded TP AndroidTargetPlatform
[2018.11.07-10.07.00:374][  0]LogTemp: Display: Loaded TP AndroidTargetPlatform
[2018.11.07-10.07.00:374][  0]LogTemp: Display: Loaded TP AndroidTargetPlatform
[2018.11.07-10.07.00:374][  0]LogTemp: Display: Loaded TP AndroidTargetPlatform
[2018.11.07-10.07.00:374][  0]LogTemp: Display: Loaded TP AndroidTargetPlatform
[2018.11.07-10.07.00:374][  0]LogTemp: Display: Loaded TP AndroidTargetPlatform
[2018.11.07-10.07.00:374][  0]LogTemp: Display: Loaded TP AndroidTargetPlatform
[2018.11.07-10.07.00:374][  0]LogTemp: Display: Loaded TP AndroidTargetPlatform
[2018.11.07-10.07.00:375][  0]LogTemp: Display: Loaded TP AndroidTargetPlatform
[2018.11.07-10.07.00:375][  0]LogTemp: Display: Loaded TP AndroidTargetPlatform
[2018.11.07-10.07.00:375][  0]LogTemp: Display: Loaded TP AndroidTargetPlatform
[2018.11.07-10.07.00:375][  0]LogTemp: Display: Loaded TP AndroidTargetPlatform
[2018.11.07-10.07.00:375][  0]LogTemp: Display: Loaded TP AndroidTargetPlatform
[2018.11.07-10.07.00:375][  0]LogTemp: Display: Loaded TP AndroidTargetPlatform
[2018.11.07-10.07.00:375][  0]LogTemp: Display: Loaded TP AndroidTargetPlatform
[2018.11.07-10.07.00:375][  0]LogTemp: Display: Loaded TP AndroidTargetPlatform
[2018.11.07-10.07.00:375][  0]LogTemp: Display: Loaded TP AndroidTargetPlatform
[2018.11.07-10.07.00:384][  0]LogTemp: Display: Loaded TP HTML5TargetPlatform
[2018.11.07-10.07.00:546][  0]LogTemp: Display: Loaded TP IOSTargetPlatform
[2018.11.07-10.07.00:546][  0]LogTemp: Display: Loaded TP IOSTargetPlatform
[2018.11.07-10.07.00:574][  0]LogTemp: Display: Loaded TP TVOSTargetPlatform
[2018.11.07-10.07.00:574][  0]LogTemp: Display: Loaded TP TVOSTargetPlatform
[2018.11.07-10.07.00:586][  0]LogTemp: Display: Loaded TP LinuxClientTargetPlatform
[2018.11.07-10.07.00:606][  0]LogTemp: Display: Loaded TP LinuxNoEditorTargetPlatform
[2018.11.07-10.07.00:622][  0]LogTemp: Display: Loaded TP LinuxServerTargetPlatform
[2018.11.07-10.07.00:633][  0]LogTemp: Display: Loaded TP LinuxTargetPlatform
[2018.11.07-10.07.00:665][  0]LogTemp: Display: Loaded TP LuminTargetPlatform
[2018.11.07-10.07.00:665][  0]LogTargetPlatformManager: Display: Building Assets For Windows
[2018.11.07-10.07.01:353][  0]LogXGEController: Cleaning working directory: C:/Users/Alola/AppData/Local/Temp/UnrealXGEWorkingDir/
[2018.11.07-10.07.01:354][  0]LogXGEController: Cannot use XGE Controller as Incredibuild is not installed on this machine.
[2018.11.07-10.07.01:354][  0]LogShaderCompilers: Cannot use XGE Shader Compiler as Incredibuild is not installed on this machine.
[2018.11.07-10.07.01:354][  0]LogShaderCompilers: Display: Using Local Shader Compiler.
[2018.11.07-10.07.03:869][  0]LogDerivedDataCache: Display: Max Cache Size: 512 MB
[2018.11.07-10.07.04:118][  0]LogDerivedDataCache: Loaded boot cache 0.25s 71MB C:/Users/Alola/AppData/Local/UnrealEngine/4.20/DerivedDataCache/Boot.ddc.
[2018.11.07-10.07.04:119][  0]LogDerivedDataCache: Display: Loaded Boot cache: C:/Users/Alola/AppData/Local/UnrealEngine/4.20/DerivedDataCache/Boot.ddc
[2018.11.07-10.07.04:119][  0]LogDerivedDataCache: FDerivedDataBackendGraph:  Pak pak cache file ../../../../JamCraft-3/JamCraft/DerivedDataCache/DDC.ddp not found, will not use a pak cache.
[2018.11.07-10.07.04:119][  0]LogDerivedDataCache: Unable to find inner node Pak for hierarchical cache Hierarchy.
[2018.11.07-10.07.04:119][  0]LogDerivedDataCache: FDerivedDataBackendGraph:  CompressedPak pak cache file ../../../../JamCraft-3/JamCraft/DerivedDataCache/Compressed.ddp not found, will not use a pak cache.
[2018.11.07-10.07.04:119][  0]LogDerivedDataCache: Unable to find inner node CompressedPak for hierarchical cache Hierarchy.
[2018.11.07-10.07.04:162][  0]LogDerivedDataCache: Display: Pak cache opened for reading ../../../Engine/DerivedDataCache/Compressed.ddp.
[2018.11.07-10.07.04:174][  0]LogDerivedDataCache: Using Local data cache path C:/Users/Alola/AppData/Local/UnrealEngine/Common/DerivedDataCache: Writable
[2018.11.07-10.07.04:174][  0]LogDerivedDataCache: Shared data cache path not found in *engine.ini, will not use an Shared cache.
[2018.11.07-10.07.04:174][  0]LogDerivedDataCache: Unable to find inner node Shared for hierarchical cache Hierarchy.
[2018.11.07-10.07.04:244][  0]LogMaterial: Verifying Global Shaders for PCD3D_SM5
[2018.11.07-10.07.04:344][  0]LogSlate: Using FreeType 2.6.0
[2018.11.07-10.07.04:417][  0]LogSlate: SlateFontServices - WITH_FREETYPE: 1, WITH_HARFBUZZ: 1
[2018.11.07-10.07.05:130][  0]LogAssetRegistry: FAssetRegistry took 0.0296 seconds to start up
[2018.11.07-10.07.09:193][  0]LogInit: Selected Device Profile: [Windows]
[2018.11.07-10.07.10:948][  0]LogSimplygon: Simplygon DLL not present - disabling.
[2018.11.07-10.07.11:138][  0]LogMeshReduction: Using SimplygonSwarm for distributed automatic mesh merging
[2018.11.07-10.07.11:138][  0]LogMeshReduction: Using ProxyLODMeshReduction for automatic mesh merging
[2018.11.07-10.07.11:154][  0]LogMeshReduction: Using QuadricMeshReduction for automatic static mesh reduction
[2018.11.07-10.07.11:154][  0]LogMeshReduction: No automatic skeletal mesh reduction module available
[2018.11.07-10.07.11:658][  0]LogNetVersion: JamCraft 1.0.0, NetCL: 4212847, EngineNetVer: 5, GameNetVer: 0 (Checksum: 1600867895)
[2018.11.07-10.07.16:396][  0]LogPackageLocalizationCache: Processed 11 localized package path(s) for 2 prioritized culture(s) in 0.115547 seconds
[2018.11.07-10.07.16:433][  0]LogUObjectArray: 38425 objects as part of root set at end of initial load.
[2018.11.07-10.07.16:433][  0]LogUObjectAllocator: 6690872 out of 0 bytes used by permanent object pool.
[2018.11.07-10.07.16:433][  0]LogUObjectArray: CloseDisregardForGC: 0/0 objects in disregard for GC pool
[2018.11.07-10.07.27:511][  0]LogTcpMessaging: Initializing TcpMessaging bridge
[2018.11.07-10.07.27:545][  0]LogUdpMessaging: Initializing bridge on interface 0.0.0.0:0 to multicast group 230.0.0.1:6666.
[2018.11.07-10.07.28:539][  0]SourceControl: Source control is disabled
[2018.11.07-10.07.28:541][  0]LogWindows: Warning: CreateProc failed: The system cannot find the file specified. (0x00000002)
[2018.11.07-10.07.28:541][  0]LogWindows: Warning: URL: C:/Program Files/Git/bin/git.exe version
[2018.11.07-10.07.28:636][  0]LogWindows: Warning: CreateProc failed: The system cannot find the file specified. (0x00000002)
[2018.11.07-10.07.28:636][  0]LogWindows: Warning: URL: C:/Program Files/Git/bin/git.exe version
[2018.11.07-10.07.28:652][  0]LogWindows: Warning: CreateProc failed: The system cannot find the file specified. (0x00000002)
[2018.11.07-10.07.28:652][  0]LogWindows: Warning: URL: C:/Program Files/Git/bin/git.exe version
[2018.11.07-10.07.29:743][  0]LogAndroidPermission: UAndroidPermissionCallbackProxy::GetInstance
[2018.11.07-10.07.29:981][  0]LogOcInput: OculusInput pre-init called
[2018.11.07-10.07.30:619][  0]LogEngine: Initializing Engine...
[2018.11.07-10.07.30:647][  0]LogHMD: Failed to initialize OpenVR with code 110
[2018.11.07-10.07.30:675][  0]LogStats: UGameplayTagsManager::ConstructGameplayTagTree: ImportINI prefixes -  0.001 s
[2018.11.07-10.07.30:675][  0]LogStats: UGameplayTagsManager::ConstructGameplayTagTree: Construct from data asset -  0.000 s
[2018.11.07-10.07.30:675][  0]LogStats: UGameplayTagsManager::ConstructGameplayTagTree: ImportINI -  0.000 s
[2018.11.07-10.07.30:675][  0]LogStats: UGameplayTagsManager::ConstructGameplayTagTree: GameplayTagTreeChangedEvent.Broadcast -  0.000 s
[2018.11.07-10.07.31:326][  0]LogInit: Initializing FReadOnlyCVARCache
[2018.11.07-10.07.31:686][  0]LogAIModule: Creating AISystem for world Untitled
[2018.11.07-10.07.31:848][  0]LogInit: XAudio2 using 'Speakers (Realtek High Definition Audio)' : 2 channels at 48 kHz using 32 bits per sample (channel mask 0x3)
[2018.11.07-10.07.31:887][  0]LogInit: FAudioDevice initialized.
[2018.11.07-10.07.31:888][  0]LogNetVersion: Set ProjectVersion to 1.0.0.0. Version Checksum will be recalculated on next use.
[2018.11.07-10.07.31:963][  0]LogDerivedDataCache: Saved boot cache 0.08s 71MB C:/Users/Alola/AppData/Local/UnrealEngine/4.20/DerivedDataCache/Boot.ddc.
[2018.11.07-10.07.31:964][  0]LogInit: Texture streaming: Enabled
[2018.11.07-10.07.32:053][  0]LogEngineSessionManager: EngineSessionManager initialized
[2018.11.07-10.07.32:802][  0]LogInit: Transaction tracking system initialized
[2018.11.07-10.07.33:193][  0]BlueprintLog: New page: Editor Load
[2018.11.07-10.07.34:347][  0]LocalizationService: Localization service is disabled
[2018.11.07-10.07.36:813][  0]LogFileCache: Scanning file cache for directory 'E:/JamCraft-3/JamCraft/Content/' took 0.05s
[2018.11.07-10.07.36:813][  0]LogCook: Display: Max memory allowance for cook 16384mb min free memory 0mb
[2018.11.07-10.07.36:827][  0]LogCook: Display: Mobile HDR setting 1
[2018.11.07-10.07.36:840][  0]LogGameplayTags: Display: UGameplayTagsManager::DoneAddingNativeTags. DelegateIsBound: 0
[2018.11.07-10.07.36:840][  0]LogStats: UGameplayTagsManager::ConstructGameplayTagTree: ImportINI prefixes -  0.000 s
[2018.11.07-10.07.36:840][  0]LogStats: UGameplayTagsManager::ConstructGameplayTagTree: Construct from data asset -  0.000 s
[2018.11.07-10.07.36:840][  0]LogStats: UGameplayTagsManager::ConstructGameplayTagTree: ImportINI -  0.000 s
[2018.11.07-10.07.36:840][  0]LogStats: UGameplayTagsManager::ConstructGameplayTagTree: GameplayTagTreeChangedEvent.Broadcast -  0.000 s
[2018.11.07-10.07.38:550][  0]LogWindows: Warning: CreateProc failed: The system cannot find the file specified. (0x00000002)
[2018.11.07-10.07.38:550][  0]LogWindows: Warning: URL: C:/Program Files/Git/bin/git.exe version
[2018.11.07-10.07.38:576][  0]Cmd: MAP LOAD FILE="../../../../JamCraft-3/JamCraft/Content/Maps/EntryLevel.umap" TEMPLATE=0 SHOWPROGRESS=1 FEATURELEVEL=3
[2018.11.07-10.07.38:588][  0]LightingResults: New page: Lighting Build
[2018.11.07-10.07.38:754][  0]MapCheck: New page: Map Check
[2018.11.07-10.07.38:754][  0]LightingResults: New page: Lighting Build
[2018.11.07-10.07.39:118][  0]LogAIModule: Creating AISystem for world EntryLevel
[2018.11.07-10.07.39:292][  0]LogEditorServer: Finished looking for orphan Actors (0.000 secs)
[2018.11.07-10.07.39:414][  0]Cmd: MAP CHECKDEP NOCLEARLOG
[2018.11.07-10.07.39:453][  0]MapCheck: Map check complete: 0 Error(s), 0 Warning(s), took 38.969ms to complete.
[2018.11.07-10.07.39:453][  0]LogFileHelpers: Loading map 'EntryLevel' took 0.898
[2018.11.07-10.07.40:878][  0]LogSlate: Updating window title bar state: overlay mode, drag disabled, window buttons hidden, title bar hidden
[2018.11.07-10.07.40:893][  0]LogSlate: Updating window title bar state: overlay mode, drag disabled, window buttons hidden, title bar hidden
[2018.11.07-10.07.40:898][  0]LogSlate: Updating window title bar state: overlay mode, drag disabled, window buttons hidden, title bar hidden
[2018.11.07-10.07.40:904][  0]LogSlate: Updating window title bar state: overlay mode, drag disabled, window buttons hidden, title bar hidden
[2018.11.07-10.07.40:990][  0]LogCollectionManager: Loaded 0 collections in 0.000760 seconds
[2018.11.07-10.07.41:149][  0]LogFileCache: Scanning file cache for directory 'E:/JamCraft-3/JamCraft/Saved/Collections/' took 0.01s
[2018.11.07-10.07.41:149][  0]LogFileCache: Scanning file cache for directory 'E:/JamCraft-3/JamCraft/Content/Developers/Alola/Collections/' took 0.01s
[2018.11.07-10.07.41:149][  0]LogFileCache: Scanning file cache for directory 'E:/JamCraft-3/JamCraft/Content/Collections/' took 0.01s
[2018.11.07-10.07.41:149][  0]LogCollectionManager: Rebuilt the GUID cache for 0 collections in 0.000000 seconds
[2018.11.07-10.07.41:174][  0]LogContentBrowser: Native class hierarchy populated in 0.0229 seconds. Added 2572 classes and 603 folders.
[2018.11.07-10.07.41:249][  0]LogContentBrowser: Native class hierarchy updated for 'WidgetCarousel' in 0.0002 seconds. Added 0 classes and 0 folders.
[2018.11.07-10.07.41:830][  0]LogContentBrowser: Native class hierarchy updated for 'AddContentDialog' in 0.0008 seconds. Added 0 classes and 0 folders.
[2018.11.07-10.07.41:935][  0]LogContentBrowser: Native class hierarchy updated for 'SceneOutliner' in 0.0003 seconds. Added 1 classes and 2 folders.
[2018.11.07-10.07.43:430][  0]LogSlate: Took 0.007689 seconds to synchronously load lazily loaded font '../../../Engine/Content/Slate/Fonts/Roboto-Regular.ttf' (155K)
[2018.11.07-10.07.43:471][  0]LogSlate: Took 0.013681 seconds to synchronously load lazily loaded font '../../../Engine/Content/Slate/Fonts/Roboto-Bold.ttf' (160K)
[2018.11.07-10.07.43:533][  0]LogSlate: Took 0.011864 seconds to synchronously load lazily loaded font '../../../Engine/Content/Editor/Slate/Fonts/FontAwesome.ttf' (139K)
[2018.11.07-10.07.43:937][  0]LogRenderer: Reallocating scene render targets to support 1208x516 Format 10 NumSamples 1 (Frame:1).
[2018.11.07-10.07.44:657][  0]LogContentBrowser: Native class hierarchy updated for 'HierarchicalLODOutliner' in 0.0002 seconds. Added 0 classes and 0 folders.
[2018.11.07-10.07.44:657][  0]LogLoad: (Engine Initialization) Total time: 63.04 seconds
[2018.11.07-10.07.44:657][  0]LogLoad: (Engine Initialization) Total Blueprint compile time: 0.00 seconds
[2018.11.07-10.07.44:859][  0]LogContentStreaming: Texture pool size now 1000 MB
[2018.11.07-10.07.44:997][  1]LogFileCache: Retrieving MD5 hashes for directory 'E:/JamCraft-3/JamCraft/Content/' took 0.27s
[2018.11.07-10.07.45:234][  2]LogSlate: Took 0.009607 seconds to synchronously load lazily loaded font '../../../Engine/Content/Slate/Fonts/Roboto-Light.ttf' (167K)
[2018.11.07-10.07.45:308][  3]LogAssetRegistry: Asset discovery search completed in 40.1998 seconds
[2018.11.07-10.07.45:322][  3]LogCollectionManager: Rebuilt the object cache for 0 collections in 0.000000 seconds (found 0 objects)
[2018.11.07-10.07.45:323][  3]LogCollectionManager: Fixed up redirectors for 0 collections in 0.000055 seconds (updated 0 objects)
[2018.11.07-10.07.58:413][347]LogSlate: FSceneViewport::OnFocusLost() reason 0
[2018.11.07-10.07.58:491][357]LogTemp: Repeating last play command: New Editor Window (PIE)
[2018.11.07-10.07.58:512][357]LogPlayLevel: PlayLevel: No blueprints needed recompiling
[2018.11.07-10.07.58:614][357]PIE: New page: PIE session: EntryLevel (6 Nov 2018 18:07:58)
[2018.11.07-10.07.58:614][357]LogPlayLevel: Creating play world package: /Game/Maps/UEDPIE_0_EntryLevel
[2018.11.07-10.07.58:639][357]LogPlayLevel: PIE: StaticDuplicateObject took: (0.025243s)
[2018.11.07-10.07.58:640][357]LogAIModule: Creating AISystem for world EntryLevel
[2018.11.07-10.07.58:640][357]LogPlayLevel: PIE: World Init took: (0.000564s)
[2018.11.07-10.07.58:646][357]LogPlayLevel: PIE: Created PIE world by copying editor world from /Game/Maps/EntryLevel.EntryLevel to /Game/Maps/UEDPIE_0_EntryLevel.EntryLevel (0.031500s)
[2018.11.07-10.07.58:683][357]LogInit: XAudio2 using 'Speakers (Realtek High Definition Audio)' : 2 channels at 48 kHz using 32 bits per sample (channel mask 0x3)
[2018.11.07-10.07.58:695][357]LogInit: FAudioDevice initialized.
[2018.11.07-10.07.58:731][357]LogSlate: Updating window title bar state: overlay mode, drag disabled, window buttons hidden, title bar hidden
[2018.11.07-10.07.58:791][357]LogLinker: Warning: Can't find file '/Game/ThirdPersonBP/Blueprints/ThirdPersonGameMode'
[2018.11.07-10.07.58:791][357]LogLinker: Warning: Can't find file '/Game/ThirdPersonBP/Blueprints/ThirdPersonGameMode'
[2018.11.07-10.07.58:791][357]LogUObjectGlobals: Warning: Failed to find object 'Class /Game/ThirdPersonBP/Blueprints/ThirdPersonGameMode.ThirdPersonGameMode_C'
[2018.11.07-10.07.58:791][357]LogLoad: Game class is 'GameModeBase'
[2018.11.07-10.07.58:814][357]LogWorld: Bringing World /Game/Maps/UEDPIE_0_EntryLevel.EntryLevel up for play (max tick rate 0) at 2018.11.07-02.07.58
[2018.11.07-10.07.58:814][357]LogWorld: Bringing up level for play took: 0.000376
[2018.11.07-10.07.58:954][357]LogContentBrowser: Native class hierarchy updated for 'MovieSceneCapture' in 0.0003 seconds. Added 10 classes and 0 folders.
[2018.11.07-10.07.59:000][357]PIE: Play in editor start time for /Game/Maps/UEDPIE_0_EntryLevel -0.481
[2018.11.07-10.07.59:112][357]LogRenderer: Reallocating scene render targets to support 1872x1084 Format 10 NumSamples 1 (Frame:1).
[2018.11.07-10.08.01:793][659]LogSlate: Updating window title bar state: overlay mode, drag disabled, window buttons hidden, title bar hidden
[2018.11.07-10.08.01:832][659]LogSlate: Window 'JamCraft Game Preview Standalone (64-bit/PCD3D_SM5)' being destroyed
[2018.11.07-10.08.01:889][659]LogPlayLevel: Display: Shutting down PIE online subsystems
[2018.11.07-10.08.01:938][660]LogPlayLevel: Display: Destroying online subsystem :Context_1
[2018.11.07-10.08.04:915][998]LogSlate: Window 'JamCraft - Unreal Editor' being destroyed
[2018.11.07-10.08.04:915][998]LogWindowsTextInputMethodSystem: Display: IME system now deactivated.
[2018.11.07-10.08.05:217][999]Cmd: QUIT_EDITOR
[2018.11.07-10.08.05:400][999]LogExit: Preparing to exit.
[2018.11.07-10.08.05:784][999]LogExit: Editor shut down
[2018.11.07-10.08.05:784][999]LogExit: Transaction tracking system shut down
[2018.11.07-10.08.06:825][999]LogExit: Object subsystem successfully closed.
[2018.11.07-10.08.06:860][999]LogShaderCompilers: Display: Shaders left to compile 0
[2018.11.07-10.08.06:867][999]LogD3D11RHI: Shutdown
[2018.11.07-10.08.06:867][999]LogD3D11RHI: CleanupD3DDevice
[2018.11.07-10.08.06:867][999]LogD3D11RHI: ~FD3D11DynamicRHI
[2018.11.07-10.08.07:411][999]LogModuleManager: Shutting down and abandoning module MovieSceneCapture (614)
[2018.11.07-10.08.07:411][999]LogModuleManager: Shutting down and abandoning module Voice (612)
[2018.11.07-10.08.07:411][999]LogModuleManager: Shutting down and abandoning module HierarchicalLODOutliner (610)
[2018.11.07-10.08.07:411][999]LogModuleManager: Shutting down and abandoning module SceneOutliner (608)
[2018.11.07-10.08.07:411][999]LogModuleManager: Shutting down and abandoning module AddContentDialog (606)
[2018.11.07-10.08.07:411][999]LogModuleManager: Shutting down and abandoning module WidgetCarousel (605)
[2018.11.07-10.08.07:411][999]LogModuleManager: Shutting down and abandoning module EditorWidgets (602)
[2018.11.07-10.08.07:411][999]LogModuleManager: Shutting down and abandoning module CollectionManager (600)
[2018.11.07-10.08.07:419][999]LogModuleManager: Shutting down and abandoning module StatsViewer (598)
[2018.11.07-10.08.07:419][999]LogModuleManager: Shutting down and abandoning module FoliageEdit (596)
[2018.11.07-10.08.07:419][999]LogModuleManager: Shutting down and abandoning module LandscapeEditor (594)
[2018.11.07-10.08.07:435][999]LogModuleManager: Shutting down and abandoning module MeshPaintMode (592)
[2018.11.07-10.08.07:435][999]LogModuleManager: Shutting down and abandoning module SceneDepthPickerMode (590)
[2018.11.07-10.08.07:435][999]LogModuleManager: Shutting down and abandoning module ActorPickerMode (588)
[2018.11.07-10.08.07:435][999]LogModuleManager: Shutting down and abandoning module GeometryMode (586)
[2018.11.07-10.08.07:435][999]LogModuleManager: Shutting down and abandoning module TextureAlignMode (584)
[2018.11.07-10.08.07:435][999]LogModuleManager: Shutting down and abandoning module BspMode (582)
[2018.11.07-10.08.07:435][999]LogModuleManager: Shutting down and abandoning module PIEPreviewDeviceProfileSelector (580)
[2018.11.07-10.08.07:435][999]LogModuleManager: Shutting down and abandoning module SequenceRecorderSections (578)
[2018.11.07-10.08.07:435][999]LogModuleManager: Shutting down and abandoning module AutomationWorker (576)
[2018.11.07-10.08.07:435][999]LogModuleManager: Shutting down and abandoning module AudioCaptureEditor (574)
[2018.11.07-10.08.07:435][999]LogModuleManager: Shutting down and abandoning module SequenceRecorder (573)
[2018.11.07-10.08.07:435][999]LogModuleManager: Shutting down and abandoning module MatineeToLevelSequence (570)
[2018.11.07-10.08.07:435][999]LogModuleManager: Shutting down and abandoning module LevelSequenceEditor (568)
[2018.11.07-10.08.07:443][999]LogModuleManager: Shutting down and abandoning module PlacementMode (567)
[2018.11.07-10.08.07:443][999]LogModuleManager: Shutting down and abandoning module MaterialEditor (566)
[2018.11.07-10.08.07:460][999]LogModuleManager: Shutting down and abandoning module WmfMediaFactory (562)
[2018.11.07-10.08.07:460][999]LogModuleManager: Shutting down and abandoning module WmfMediaEditor (560)
[2018.11.07-10.08.07:460][999]LogModuleManager: Shutting down and abandoning module MediaPlayerEditor (558)
[2018.11.07-10.08.07:460][999]LogModuleManager: Shutting down and abandoning module OpenExrWrapper (556)
[2018.11.07-10.08.07:460][999]LogModuleManager: Shutting down and abandoning module ImgMediaFactory (554)
[2018.11.07-10.08.07:460][999]LogModuleManager: Shutting down and abandoning module ImgMediaEditor (552)
[2018.11.07-10.08.07:460][999]LogModuleManager: Shutting down and abandoning module AvfMediaFactory (550)
[2018.11.07-10.08.07:460][999]LogModuleManager: Shutting down and abandoning module AvfMediaEditor (548)
[2018.11.07-10.08.07:460][999]LogModuleManager: Shutting down and abandoning module AndroidMediaFactory (546)
[2018.11.07-10.08.07:460][999]LogModuleManager: Shutting down and abandoning module AndroidMediaEditor (544)
[2018.11.07-10.08.07:460][999]LogModuleManager: Shutting down and abandoning module MagicLeapCameraPreviewFactory (542)
[2018.11.07-10.08.07:460][999]LogModuleManager: Shutting down and abandoning module MagicLeapMediaFactory (540)
[2018.11.07-10.08.07:460][999]LogModuleManager: Shutting down and abandoning module MagicLeapMediaEditor (538)
[2018.11.07-10.08.07:460][999]LogModuleManager: Shutting down and abandoning module CharacterAI (536)
[2018.11.07-10.08.07:460][999]LogModuleManager: Shutting down and abandoning module SmartSnapping (534)
[2018.11.07-10.08.07:460][999]LogModuleManager: Shutting down and abandoning module SessionServices (532)
[2018.11.07-10.08.07:460][999]LogModuleManager: Shutting down and abandoning module ViewportSnapping (530)
[2018.11.07-10.08.07:460][999]LogModuleManager: Shutting down and abandoning module ViewportInteraction (528)
[2018.11.07-10.08.07:472][999]LogModuleManager: Shutting down and abandoning module ClothPainter (526)
[2018.11.07-10.08.07:490][999]LogModuleManager: Shutting down and abandoning module SkeletalMeshEditor (525)
[2018.11.07-10.08.07:499][999]LogModuleManager: Shutting down and abandoning module LogVisualizer (522)
[2018.11.07-10.08.07:509][999]LogModuleManager: Shutting down and abandoning module IntroTutorials (520)
[2018.11.07-10.08.07:509][999]LogModuleManager: Shutting down and abandoning module GameProjectGeneration (519)
[2018.11.07-10.08.07:520][999]LogModuleManager: Shutting down and abandoning module LuminPlatformEditor (516)
[2018.11.07-10.08.07:520][999]LogModuleManager: Shutting down and abandoning module IOSPlatformEditor (514)
[2018.11.07-10.08.07:520][999]LogModuleManager: Shutting down and abandoning module HTML5PlatformEditor (512)
[2018.11.07-10.08.07:520][999]LogModuleManager: Shutting down and abandoning module AndroidPlatformEditor (510)
[2018.11.07-10.08.07:520][999]LogModuleManager: Shutting down and abandoning module AndroidDeviceDetection (509)
[2018.11.07-10.08.08:649][999]LogModuleManager: Shutting down and abandoning module WindowsPlatformEditor (506)
[2018.11.07-10.08.08:649][999]LogModuleManager: Shutting down and abandoning module LuminRuntimeSettings (504)
[2018.11.07-10.08.08:649][999]LogModuleManager: Shutting down and abandoning module IOSRuntimeSettings (502)
[2018.11.07-10.08.08:649][999]LogModuleManager: Shutting down and abandoning module AndroidRuntimeSettings (500)
[2018.11.07-10.08.08:649][999]LogModuleManager: Shutting down and abandoning module InputBindingEditor (498)
[2018.11.07-10.08.08:743][999]LogModuleManager: Shutting down and abandoning module MergeActors (496)
[2018.11.07-10.08.08:743][999]LogModuleManager: Shutting down and abandoning module LocalizationDashboard (494)
[2018.11.07-10.08.08:748][999]LogModuleManager: Shutting down and abandoning module LocalizationService (493)
[2018.11.07-10.08.08:748][999]LogModuleManager: Shutting down and abandoning module HardwareTargeting (490)
[2018.11.07-10.08.08:748][999]LogModuleManager: Shutting down and abandoning module DeviceProfileEditor (488)
[2018.11.07-10.08.08:748][999]LogModuleManager: Shutting down and abandoning module UndoHistory (486)
[2018.11.07-10.08.08:748][999]LogModuleManager: Shutting down and abandoning module XmlParser (484)
[2018.11.07-10.08.08:748][999]LogModuleManager: Shutting down and abandoning module Blutility (482)
[2018.11.07-10.08.08:748][999]LogModuleManager: Shutting down and abandoning module ProjectSettingsViewer (480)
[2018.11.07-10.08.08:748][999]LogModuleManager: Shutting down and abandoning module ProjectTargetPlatformEditor (479)
[2018.11.07-10.08.08:748][999]LogModuleManager: Shutting down and abandoning module EditorSettingsViewer (476)
[2018.11.07-10.08.08:748][999]LogModuleManager: Shutting down and abandoning module SettingsEditor (474)
[2018.11.07-10.08.08:748][999]LogModuleManager: Shutting down and abandoning module ProjectLauncher (472)
[2018.11.07-10.08.08:753][999]LogModuleManager: Shutting down and abandoning module SessionFrontend (470)
[2018.11.07-10.08.08:753][999]LogModuleManager: Shutting down and abandoning module ProfilerClient (468)
[2018.11.07-10.08.08:765][999]LogModuleManager: Shutting down and abandoning module DeviceManager (466)
[2018.11.07-10.08.08:765][999]LogModuleManager: Shutting down and abandoning module TargetDeviceServices (465)
[2018.11.07-10.08.08:820][999]LogModuleManager: Shutting down and abandoning module AutomationController (462)
[2018.11.07-10.08.08:820][999]LogModuleManager: Shutting down and abandoning module AutomationWindow (460)
[2018.11.07-10.08.08:848][999]LogModuleManager: Shutting down and abandoning module Layers (458)
[2018.11.07-10.08.08:882][999]LogModuleManager: Shutting down and abandoning module ComponentVisualizers (456)
[2018.11.07-10.08.08:882][999]LogModuleManager: Shutting down and abandoning module DetailCustomizations (454)
[2018.11.07-10.08.08:882][999]LogModuleManager: Shutting down and abandoning module PackagesDialog (452)
[2018.11.07-10.08.08:891][999]LogModuleManager: Shutting down and abandoning module Persona (450)
[2018.11.07-10.08.08:906][999]LogModuleManager: Shutting down and abandoning module AdvancedPreviewScene (449)
[2018.11.07-10.08.08:906][999]LogModuleManager: Shutting down and abandoning module AnimGraph (447)
[2018.11.07-10.08.08:906][999]LogModuleManager: Shutting down and abandoning module Kismet (444)
[2018.11.07-10.08.08:909][999]LogModuleManager: Shutting down and abandoning module GraphEditor (442)
[2018.11.07-10.08.08:952][999]LogModuleManager: Shutting down and abandoning module ClassViewer (440)
[2018.11.07-10.08.08:952][999]LogModuleManager: Shutting down and abandoning module Toolbox (438)
[2018.11.07-10.08.08:952][999]LogModuleManager: Shutting down and abandoning module ModuleUI (436)
[2018.11.07-10.08.08:963][999]LogModuleManager: Shutting down and abandoning module MovieSceneTools (434)
[2018.11.07-10.08.08:963][999]LogModuleManager: Shutting down and abandoning module OutputLog (432)
[2018.11.07-10.08.08:963][999]LogModuleManager: Shutting down and abandoning module GammaUI (430)
[2018.11.07-10.08.08:973][999]LogModuleManager: Shutting down and abandoning module Documentation (428)
[2018.11.07-10.08.08:973][999]LogModuleManager: Shutting down and abandoning module MovieSceneTracks (426)
[2018.11.07-10.08.08:973][999]LogModuleManager: Shutting down and abandoning module MovieScene (424)
[2018.11.07-10.08.08:973][999]LogModuleManager: Shutting down and abandoning module StreamingPauseRendering (422)
[2018.11.07-10.08.08:973][999]LogModuleManager: Shutting down and abandoning module LauncherPlatform (420)
[2018.11.07-10.08.08:973][999]LogModuleManager: Shutting down and abandoning module AnalyticsET (418)
[2018.11.07-10.08.08:973][999]LogModuleManager: Shutting down and abandoning module PortalServices (416)
[2018.11.07-10.08.08:973][999]LogModuleManager: Shutting down and abandoning module PortalRpc (414)
[2018.11.07-10.08.08:973][999]LogModuleManager: Shutting down and abandoning module MessagingRpc (412)
[2018.11.07-10.08.08:973][999]LogModuleManager: Shutting down and abandoning module AIModule (410)
[2018.11.07-10.08.08:973][999]LogModuleManager: Shutting down and abandoning module GameplayDebugger (409)
[2018.11.07-10.08.08:973][999]LogModuleManager: Shutting down and abandoning module AITestSuite (407)
[2018.11.07-10.08.08:973][999]LogModuleManager: Shutting down and abandoning module NavigationSystem (405)
[2018.11.07-10.08.08:973][999]LogModuleManager: Shutting down and abandoning module DesktopPlatform (402)
[2018.11.07-10.08.08:973][999]LogModuleManager: Shutting down and abandoning module ProfilerService (400)
[2018.11.07-10.08.09:176][999]LogModuleManager: Shutting down and abandoning module TaskGraph (398)
[2018.11.07-10.08.09:176][999]LogModuleManager: Shutting down and abandoning module SteamVRController (396)
[2018.11.07-10.08.09:176][999]LogModuleManager: Shutting down and abandoning module ProceduralMeshComponentEditor (394)
[2018.11.07-10.08.09:176][999]LogModuleManager: Shutting down and abandoning module ProceduralMeshComponent (392)
[2018.11.07-10.08.09:176][999]LogModuleManager: Shutting down and abandoning module OculusInput (390)
[2018.11.07-10.08.09:176][999]LogModuleManager: Shutting down and abandoning module MobilePatchingUtils (388)
[2018.11.07-10.08.09:176][999]LogModuleManager: Shutting down and abandoning module EditableMesh (386)
[2018.11.07-10.08.09:186][999]LogModuleManager: Shutting down and abandoning module CustomMeshComponent (384)
[2018.11.07-10.08.09:186][999]LogModuleManager: Shutting down and abandoning module CableComponent (382)
[2018.11.07-10.08.09:186][999]LogModuleManager: Shutting down and abandoning module AudioCapture (380)
[2018.11.07-10.08.09:186][999]LogModuleManager: Shutting down and abandoning module ArchVisCharacter (378)
[2018.11.07-10.08.09:186][999]LogModuleManager: Shutting down and abandoning module AndroidPermission (376)
[2018.11.07-10.08.09:186][999]LogModuleManager: Shutting down and abandoning module NUTUnrealEngine4 (374)
[2018.11.07-10.08.09:186][999]LogModuleManager: Shutting down and abandoning module NetcodeUnitTest (372)
[2018.11.07-10.08.09:192][999]LogModuleManager: Shutting down and abandoning module MediaCompositingEditor (370)
[2018.11.07-10.08.09:192][999]LogModuleManager: Shutting down and abandoning module MediaCompositing (368)
[2018.11.07-10.08.09:192][999]LogModuleManager: Shutting down and abandoning module LinearTimecode (366)
[2018.11.07-10.08.09:192][999]LogModuleManager: Shutting down and abandoning module ImgMedia (364)
[2018.11.07-10.08.09:202][999]LogModuleManager: Shutting down and abandoning module HTML5Networking (362)
[2018.11.07-10.08.09:202][999]LogModuleManager: Shutting down and abandoning module GeometryCacheTracks (360)
[2018.11.07-10.08.09:202][999]LogModuleManager: Shutting down and abandoning module GeometryCacheSequencer (358)
[2018.11.07-10.08.09:202][999]LogModuleManager: Shutting down and abandoning module BackChannel (356)
[2018.11.07-10.08.09:202][999]LogModuleManager: Shutting down and abandoning module AppleVision (354)
[2018.11.07-10.08.09:202][999]LogModuleManager: Shutting down and abandoning module AppleImageUtils (352)
[2018.11.07-10.08.09:202][999]LogModuleManager: Shutting down and abandoning module AlembicImporter (350)
[2018.11.07-10.08.09:202][999]LogModuleManager: Shutting down and abandoning module AlembicLibrary (349)
[2018.11.07-10.08.09:202][999]LogModuleManager: Shutting down and abandoning module GeometryCache (348)
[2018.11.07-10.08.09:202][999]LogModuleManager: Shutting down and abandoning module GeometryCacheEd (347)
[2018.11.07-10.08.09:202][999]LogModuleManager: Shutting down and abandoning module DatasmithContentEditor (342)
[2018.11.07-10.08.09:202][999]LogModuleManager: Shutting down and abandoning module DatasmithContent (340)
[2018.11.07-10.08.09:203][999]LogModuleManager: Shutting down and abandoning module SpeedTreeImporter (338)
[2018.11.07-10.08.09:203][999]LogModuleManager: Shutting down and abandoning module PluginBrowser (336)
[2018.11.07-10.08.09:216][999]LogModuleManager: Shutting down and abandoning module MobileLauncherProfileWizard (334)
[2018.11.07-10.08.09:220][999]LogModuleManager: Shutting down and abandoning module PolygonModeling (332)
[2018.11.07-10.08.09:220][999]LogModuleManager: Shutting down and abandoning module MeshEditor (330)
[2018.11.07-10.08.09:220][999]LogModuleManager: Shutting down and abandoning module CryptoKeysOpenSSL (328)
[2018.11.07-10.08.09:220][999]LogModuleManager: Shutting down and abandoning module CryptoKeys (326)
[2018.11.07-10.08.09:220][999]LogModuleManager: Shutting down and abandoning module VisualStudioSourceCodeAccess (324)
[2018.11.07-10.08.09:220][999]LogModuleManager: Shutting down and abandoning module VisualStudioCodeSourceCodeAccess (322)
[2018.11.07-10.08.09:220][999]LogModuleManager: Shutting down and abandoning module UObjectPlugin (320)
[2018.11.07-10.08.09:220][999]LogModuleManager: Shutting down and abandoning module SubversionSourceControl (318)
[2018.11.07-10.08.09:220][999]LogModuleManager: Shutting down and abandoning module PerforceSourceControl (316)
[2018.11.07-10.08.09:224][999]LogModuleManager: Shutting down and abandoning module GitSourceControl (314)
[2018.11.07-10.08.09:224][999]LogModuleManager: Shutting down and abandoning module SourceControl (313)
[2018.11.07-10.08.09:224][999]LogModuleManager: Shutting down and abandoning module CLionSourceCodeAccess (310)
[2018.11.07-10.08.09:224][999]LogModuleManager: Shutting down and abandoning module LightPropagationVolumeEditor (308)
[2018.11.07-10.08.09:224][999]LogModuleManager: Shutting down and abandoning module PaperTiledImporter (306)
[2018.11.07-10.08.09:224][999]LogModuleManager: Shutting down and abandoning module PaperSpriteSheetImporter (304)
[2018.11.07-10.08.09:224][999]LogModuleManager: Shutting down and abandoning module Paper2DEditor (302)
[2018.11.07-10.08.09:237][999]LogModuleManager: Shutting down and abandoning module MeshPaint (301)
[2018.11.07-10.08.09:237][999]LogModuleManager: Shutting down and abandoning module RuntimePhysXCooking (298)
[2018.11.07-10.08.09:237][999]LogModuleManager: Shutting down and abandoning module PhysXVehiclesEditor (296)
[2018.11.07-10.08.09:237][999]LogModuleManager: Shutting down and abandoning module PhysXVehicles (294)
[2018.11.07-10.08.09:237][999]LogModuleManager: Shutting down and abandoning module OculusEditor (292)
[2018.11.07-10.08.09:237][999]LogModuleManager: Shutting down and abandoning module LocationServicesBPLibrary (290)
[2018.11.07-10.08.09:237][999]LogModuleManager: Shutting down and abandoning module ImmediatePhysicsEditor (288)
[2018.11.07-10.08.09:237][999]LogModuleManager: Shutting down and abandoning module ImmediatePhysics (286)
[2018.11.07-10.08.09:237][999]LogModuleManager: Shutting down and abandoning module ActorSequence (284)
[2018.11.07-10.08.09:237][999]LogModuleManager: Shutting down and abandoning module UdpMessaging (282)
[2018.11.07-10.08.09:338][999]LogModuleManager: Shutting down and abandoning module TcpMessaging (280)
[2018.11.07-10.08.09:439][999]LogModuleManager: Shutting down and abandoning module MagicLeapAudio (278)
[2018.11.07-10.08.09:439][999]LogModuleManager: Shutting down and abandoning module GameplayTagsEditor (276)
[2018.11.07-10.08.09:444][999]LogModuleManager: Shutting down and abandoning module FacialAnimationEditor (274)
[2018.11.07-10.08.09:444][999]LogModuleManager: Shutting down and abandoning module FacialAnimation (272)
[2018.11.07-10.08.09:444][999]LogModuleManager: Shutting down and abandoning module DataValidation (270)
[2018.11.07-10.08.09:444][999]LogModuleManager: Shutting down and abandoning module AssetManagerEditor (268)
[2018.11.07-10.08.09:455][999]LogModuleManager: Shutting down and abandoning module LevelEditor (267)
[2018.11.07-10.08.09:456][999]LogModuleManager: Shutting down and abandoning module PixelInspectorModule (266)
[2018.11.07-10.08.09:456][999]LogModuleManager: Shutting down and abandoning module CommonMenuExtensions (264)
[2018.11.07-10.08.09:456][999]LogModuleManager: Shutting down and abandoning module MainFrame (262)
[2018.11.07-10.08.09:456][999]LogModuleManager: Shutting down and abandoning module HotReload (261)
[2018.11.07-10.08.09:457][999]LogModuleManager: Shutting down and abandoning module ContentBrowser (257)
[2018.11.07-10.08.09:457][999]LogModuleManager: Shutting down and abandoning module TreeMap (255)
[2018.11.07-10.08.09:457][999]LogModuleManager: Shutting down and abandoning module LightPropagationVolumeRuntime (252)
[2018.11.07-10.08.09:457][999]LogModuleManager: Shutting down and abandoning module AISupportModule (250)
[2018.11.07-10.08.09:457][999]LogModuleManager: Shutting down and abandoning module Paper2D (248)
[2018.11.07-10.08.09:457][999]LogModuleManager: Shutting down and abandoning module WindowsMoviePlayer (246)
[2018.11.07-10.08.09:457][999]LogModuleManager: Shutting down and abandoning module WmfMedia (244)
[2018.11.07-10.08.09:464][999]LogModuleManager: Shutting down and abandoning module Media (243)
[2018.11.07-10.08.09:470][999]LogModuleManager: Shutting down and abandoning module PacketHandler (240)
[2018.11.07-10.08.09:470][999]LogModuleManager: Shutting down and abandoning module ClothingSystemEditor (238)
[2018.11.07-10.08.09:470][999]LogModuleManager: Shutting down and abandoning module ClothingSystemRuntime (236)
[2018.11.07-10.08.09:494][999]LogModuleManager: Shutting down and abandoning module MediaAssets (234)
[2018.11.07-10.08.09:494][999]LogModuleManager: Shutting down and abandoning module Overlay (232)
[2018.11.07-10.08.09:494][999]LogModuleManager: Shutting down and abandoning module OverlayEditor (231)
[2018.11.07-10.08.09:494][999]LogModuleManager: Shutting down and abandoning module VREditor (228)
[2018.11.07-10.08.09:500][999]LogModuleManager: Shutting down and abandoning module StringTableEditor (226)
[2018.11.07-10.08.09:504][999]LogModuleManager: Shutting down and abandoning module GameplayTasksEditor (224)
[2018.11.07-10.08.09:504][999]LogModuleManager: Shutting down and abandoning module BehaviorTreeEditor (222)
[2018.11.07-10.08.09:516][999]LogModuleManager: Shutting down and abandoning module FunctionalTesting (220)
[2018.11.07-10.08.09:517][999]LogModuleManager: Shutting down and abandoning module CollisionAnalyzer (218)
[2018.11.07-10.08.09:517][999]LogModuleManager: Shutting down and abandoning module WorkspaceMenuStructure (217)
[2018.11.07-10.08.09:517][999]LogModuleManager: Shutting down and abandoning module UMG (214)
[2018.11.07-10.08.09:526][999]LogModuleManager: Shutting down and abandoning module UMGEditor (213)
[2018.11.07-10.08.09:544][999]LogModuleManager: Shutting down and abandoning module Sequencer (212)
[2018.11.07-10.08.09:566][999]LogModuleManager: Shutting down and abandoning module MessageLog (209)
[2018.11.07-10.08.09:566][999]LogModuleManager: Shutting down and abandoning module SlateReflector (204)
[2018.11.07-10.08.09:585][999]LogModuleManager: Shutting down and abandoning module Slate (202)
[2018.11.07-10.08.09:585][999]LogModuleManager: Shutting down and abandoning module EditorStyle (200)
[2018.11.07-10.08.09:586][999]LogModuleManager: Shutting down and abandoning module MRMesh (198)
[2018.11.07-10.08.09:586][999]LogModuleManager: Shutting down and abandoning module SourceCodeAccess (196)
[2018.11.07-10.08.09:586][999]LogModuleManager: Shutting down and abandoning module HeadMountedDisplay (194)
[2018.11.07-10.08.09:586][999]LogModuleManager: Shutting down and abandoning module XAudio2 (192)
[2018.11.07-10.08.09:586][999]LogModuleManager: Shutting down and abandoning module Networking (190)
[2018.11.07-10.08.09:586][999]LogModuleManager: Shutting down and abandoning module Core (188)
[2018.11.07-10.08.09:586][999]LogModuleManager: Shutting down and abandoning module LevelSequence (186)
[2018.11.07-10.08.09:586][999]LogModuleManager: Shutting down and abandoning module KismetCompiler (184)
[2018.11.07-10.08.09:586][999]LogModuleManager: Shutting down and abandoning module MeshUtilities (182)
[2018.11.07-10.08.09:590][999]LogModuleManager: Shutting down and abandoning module MeshMergeUtilities (181)
[2018.11.07-10.08.09:590][999]LogModuleManager: Shutting down and abandoning module MeshReductionInterface (180)
[2018.11.07-10.08.09:590][999]LogModuleManager: Shutting down and abandoning module SimplygonSwarm (179)
[2018.11.07-10.08.09:599][999]LogModuleManager: Shutting down and abandoning module ProxyLODMeshReduction (177)
[2018.11.07-10.08.09:618][999]LogModuleManager: Shutting down and abandoning module SimplygonMeshReduction (175)
[2018.11.07-10.08.09:618][999]LogModuleManager: Shutting down and abandoning module QuadricMeshReduction (173)
[2018.11.07-10.08.09:625][999]LogModuleManager: Shutting down and abandoning module MaterialBaking (169)
[2018.11.07-10.08.09:625][999]LogModuleManager: Shutting down and abandoning module DirectoryWatcher (165)
[2018.11.07-10.08.09:625][999]LogModuleManager: Shutting down and abandoning module DerivedDataCache (162)
[2018.11.07-10.08.09:739][999]LogDerivedDataCache: Shutdown
[2018.11.07-10.08.09:739][999]LogModuleManager: Shutting down and abandoning module XGEController (160)
[2018.11.07-10.08.09:739][999]LogXGEController: Cleaning working directory: C:/Users/Alola/AppData/Local/Temp/UnrealXGEWorkingDir/
[2018.11.07-10.08.09:740][999]LogModuleManager: Shutting down and abandoning module TargetPlatform (158)
[2018.11.07-10.08.09:740][999]LogModuleManager: Shutting down and abandoning module VulkanShaderFormat (157)
[2018.11.07-10.08.09:740][999]LogModuleManager: Shutting down and abandoning module ShaderFormatVectorVM (155)
[2018.11.07-10.08.09:740][999]LogModuleManager: Shutting down and abandoning module ShaderFormatOpenGL (153)
[2018.11.07-10.08.09:753][999]LogModuleManager: Shutting down and abandoning module ShaderFormatD3D (151)
[2018.11.07-10.08.09:753][999]LogModuleManager: Shutting down and abandoning module MetalShaderFormat (149)
[2018.11.07-10.08.09:763][999]LogModuleManager: Shutting down and abandoning module TextureFormatUncompressed (147)
[2018.11.07-10.08.09:763][999]LogModuleManager: Shutting down and abandoning module TextureFormatPVR (145)
[2018.11.07-10.08.09:763][999]LogModuleManager: Shutting down and abandoning module TextureFormatDXT (143)
[2018.11.07-10.08.09:763][999]LogModuleManager: Shutting down and abandoning module TextureFormatIntelISPCTexComp (141)
[2018.11.07-10.08.09:763][999]LogModuleManager: Shutting down and abandoning module TextureFormatASTC (139)
[2018.11.07-10.08.09:763][999]LogModuleManager: Shutting down and abandoning module ImageWrapper (138)
[2018.11.07-10.08.09:763][999]LogModuleManager: Shutting down and abandoning module TextureFormatAndroid (135)
[2018.11.07-10.08.09:763][999]LogModuleManager: Shutting down and abandoning module AudioFormatOpus (133)
[2018.11.07-10.08.09:763][999]LogModuleManager: Shutting down and abandoning module AudioFormatOgg (131)
[2018.11.07-10.08.09:763][999]LogModuleManager: Shutting down and abandoning module AudioFormatADPCM (129)
[2018.11.07-10.08.09:763][999]LogModuleManager: Shutting down and abandoning module LuminTargetPlatform (127)
[2018.11.07-10.08.09:763][999]LogModuleManager: Shutting down and abandoning module LinuxTargetPlatform (125)
[2018.11.07-10.08.09:764][999]LogModuleManager: Shutting down and abandoning module LinuxServerTargetPlatform (123)
[2018.11.07-10.08.09:764][999]LogModuleManager: Shutting down and abandoning module LinuxNoEditorTargetPlatform (121)
[2018.11.07-10.08.09:764][999]LogModuleManager: Shutting down and abandoning module LinuxClientTargetPlatform (119)
[2018.11.07-10.08.09:764][999]LogModuleManager: Shutting down and abandoning module TVOSTargetPlatform (117)
[2018.11.07-10.08.09:764][999]LogModuleManager: Shutting down and abandoning module Messaging (115)
[2018.11.07-10.08.09:764][999]LogModuleManager: Shutting down and abandoning module IOSTargetPlatform (113)
[2018.11.07-10.08.09:765][999]LogModuleManager: Shutting down and abandoning module HTML5TargetPlatform (111)
[2018.11.07-10.08.09:765][999]LogModuleManager: Shutting down and abandoning module AndroidTargetPlatform (109)
[2018.11.07-10.08.09:769][999]LogModuleManager: Shutting down and abandoning module WindowsTargetPlatform (107)
[2018.11.07-10.08.09:769][999]LogModuleManager: Shutting down and abandoning module WindowsServerTargetPlatform (105)
[2018.11.07-10.08.09:769][999]LogModuleManager: Shutting down and abandoning module WindowsNoEditorTargetPlatform (103)
[2018.11.07-10.08.09:770][999]LogModuleManager: Shutting down and abandoning module WindowsClientTargetPlatform (101)
[2018.11.07-10.08.09:770][999]LogModuleManager: Shutting down and abandoning module MacTargetPlatform (99)
[2018.11.07-10.08.09:770][999]LogModuleManager: Shutting down and abandoning module MacServerTargetPlatform (97)
[2018.11.07-10.08.09:770][999]LogModuleManager: Shutting down and abandoning module MacNoEditorTargetPlatform (95)
[2018.11.07-10.08.09:770][999]LogModuleManager: Shutting down and abandoning module MacClientTargetPlatform (93)
[2018.11.07-10.08.09:770][999]LogModuleManager: Shutting down and abandoning module AllDesktopTargetPlatform (91)
[2018.11.07-10.08.09:770][999]LogModuleManager: Shutting down and abandoning module InputCore (88)
[2018.11.07-10.08.09:770][999]LogModuleManager: Shutting down and abandoning module Settings (86)
[2018.11.07-10.08.09:770][999]LogModuleManager: Shutting down and abandoning module PhysXCooking (84)
[2018.11.07-10.08.09:770][999]LogModuleManager: Shutting down and abandoning module SteamVR (82)
[2018.11.07-10.08.09:770][999]LogModuleManager: Shutting down and abandoning module OculusHMD (80)
[2018.11.07-10.08.09:770][999]LogModuleManager: Shutting down and abandoning module ExampleDeviceProfileSelector (78)
[2018.11.07-10.08.09:770][999]LogModuleManager: Shutting down and abandoning module LauncherChunkInstaller (76)
[2018.11.07-10.08.09:770][999]LogModuleManager: Shutting down and abandoning module OnlineBlueprintSupport (74)
[2018.11.07-10.08.09:770][999]LogModuleManager: Shutting down and abandoning module OnlineSubsystem (70)
[2018.11.07-10.08.09:770][999]LogModuleManager: Shutting down and abandoning module XMPP (65)
[2018.11.07-10.08.09:783][999]LogModuleManager: Shutting down and abandoning module WebSockets (64)
[2018.11.07-10.08.09:831][999]LogModuleManager: Shutting down and abandoning module HTTP (61)
[2018.11.07-10.08.09:831][999]LogHttp: Display: Http module shutting down, but needs to wait on 1 outstanding Http requests:
[2018.11.07-10.08.09:831][999]LogHttp: Display: 	verb=[POST] url=[https://datarouter.ol.epicgames.com/datarouter/api/v1/public/data?SessionID=%7B700413F7-4B28-BF71-A682-91A4621D0A53%7D&AppID=UEEditor.Rocket.Release&AppVersion=4.20.3-4369336%2B%2B%2BUE4%2BRelease-4.20&UserID=f66c58b0438f883ea388309adfd8e119%7C6187175257b1498e9ca5c41d78a77847%7C266f0112-ebd7-4412-ae2c-a594d66b3647&AppEnvironment=datacollector-binary&UploadType=eteventstream] status=Processing
[2018.11.07-10.08.09:844][999]LogModuleManager: Shutting down and abandoning module SSL (60)
[2018.11.07-10.08.09:845][999]LogModuleManager: Shutting down and abandoning module MagicLeapEmulator (56)
[2018.11.07-10.08.09:845][999]LogModuleManager: Shutting down and abandoning module MagicLeapPrivileges (54)
[2018.11.07-10.08.09:845][999]LogModuleManager: Shutting down and abandoning module MagicLeapIdentity (52)
[2018.11.07-10.08.09:845][999]LogModuleManager: Shutting down and abandoning module MagicLeapHelperVulkan (50)
[2018.11.07-10.08.09:845][999]LogModuleManager: Shutting down and abandoning module MagicLeapHelperOpenGL (48)
[2018.11.07-10.08.09:845][999]LogModuleManager: Shutting down and abandoning module MagicLeapSecureStorage (46)
[2018.11.07-10.08.09:845][999]LogModuleManager: Shutting down and abandoning module MagicLeapGestures (44)
[2018.11.07-10.08.09:845][999]LogModuleManager: Shutting down and abandoning module MagicLeapEyeTracker (42)
[2018.11.07-10.08.09:845][999]LogModuleManager: Shutting down and abandoning module MagicLeapController (40)
[2018.11.07-10.08.09:845][999]LogSlate: Slate User Destroyed.  User Index 0, Is Virtual User: 0
[2018.11.07-10.08.09:845][999]LogModuleManager: Shutting down and abandoning module MagicLeap (38)
[2018.11.07-10.08.09:845][999]LogModuleManager: Shutting down and abandoning module AnimationModifiers (36)
[2018.11.07-10.08.09:851][999]LogModuleManager: Shutting down and abandoning module PropertyEditor (35)
[2018.11.07-10.08.09:856][999]LogModuleManager: Shutting down and abandoning module AudioEditor (32)
[2018.11.07-10.08.09:856][999]LogModuleManager: Shutting down and abandoning module TextureCompressor (30)
[2018.11.07-10.08.09:856][999]LogModuleManager: Shutting down and abandoning module ShaderCore (28)
[2018.11.07-10.08.09:856][999]LogModuleManager: Shutting down and abandoning module Landscape (26)
[2018.11.07-10.08.09:856][999]LogModuleManager: Shutting down and abandoning module SlateRHIRenderer (24)
[2018.11.07-10.08.09:868][999]LogModuleManager: Shutting down and abandoning module OpenGLDrv (22)
[2018.11.07-10.08.09:870][999]LogModuleManager: Shutting down and abandoning module D3D11RHI (20)
[2018.11.07-10.08.09:870][999]LogModuleManager: Shutting down and abandoning module AnimGraphRuntime (18)
[2018.11.07-10.08.09:870][999]LogModuleManager: Shutting down and abandoning module Renderer (16)
[2018.11.07-10.08.09:870][999]LogModuleManager: Shutting down and abandoning module Engine (14)
[2018.11.07-10.08.09:870][999]LogModuleManager: Shutting down and abandoning module CoreUObject (12)
[2018.11.07-10.08.09:870][999]LogModuleManager: Shutting down and abandoning module NetworkFile (10)
[2018.11.07-10.08.09:872][999]LogModuleManager: Shutting down and abandoning module CookedIterativeFile (8)
[2018.11.07-10.08.09:872][999]LogModuleManager: Shutting down and abandoning module StreamingFile (6)
[2018.11.07-10.08.09:877][999]LogModuleManager: Shutting down and abandoning module SandboxFile (4)
[2018.11.07-10.08.09:877][999]LogModuleManager: Shutting down and abandoning module PakFile (2)
[2018.11.07-10.08.09:885][999]LogExit: Exiting.
[2018.11.07-10.08.09:893][999]Log file closed, 11/07/18 02:08:09
=======
[2018.11.07-09.58.05:707][  0]LogInit: Selected Device Profile: [Windows]
[2018.11.07-09.58.05:707][  0]LogInit: Applying CVar settings loaded from the selected device profile: [Windows]
[2018.11.07-09.58.05:715][  0]LogHAL: Display: Platform has ~ 32 GB [34309857280 / 34359738368 / 32], which maps to Largest [LargestMinGB=32, LargerMinGB=12, DefaultMinGB=8, SmallerMinGB=6, SmallestMinGB=0)
[2018.11.07-09.58.05:715][  0]LogInit: Setting Device Profile CVar: [[r.Vulkan.UseRealUBs:1]]
[2018.11.07-09.58.05:715][  0]LogInit: Going up to parent DeviceProfile []
[2018.11.07-09.58.05:716][  0]LogInit: Computer: JEEVES
[2018.11.07-09.58.05:716][  0]LogInit: User: lewis
[2018.11.07-09.58.05:716][  0]LogInit: CPU Page size=4096, Cores=4
[2018.11.07-09.58.05:716][  0]LogInit: High frequency timer resolution =3.328116 MHz
[2018.11.07-09.58.05:716][  0]LogMemory: Memory total: Physical=32.0GB (32GB approx)
[2018.11.07-09.58.05:716][  0]LogMemory: Platform Memory Stats for Windows
[2018.11.07-09.58.05:716][  0]LogMemory: Process Physical Memory: 101.46 MB used, 101.46 MB peak
[2018.11.07-09.58.05:716][  0]LogMemory: Process Virtual Memory: 96.26 MB used, 96.26 MB peak
[2018.11.07-09.58.05:716][  0]LogMemory: Physical Memory: 5713.13 MB used,  27007.30 MB free, 32720.43 MB total
[2018.11.07-09.58.05:716][  0]LogMemory: Virtual Memory: 4632.59 MB used,  27007.30 MB free, 134217728.00 MB total
[2018.11.07-09.58.05:735][  0]LogInit: Using OS detected language (en-US).
[2018.11.07-09.58.05:735][  0]LogInit: Using OS detected locale (en-GB).
[2018.11.07-09.58.05:737][  0]LogTextLocalizationManager: No specific localization for 'en-US' exists, so the 'en' localization will be used.
[2018.11.07-09.58.06:082][  0]LogStreaming: Display: Took  0.347s to InitEngineTextLocalization.
[2018.11.07-09.58.06:082][  0]LogInit: Setting process to per monitor DPI aware
[2018.11.07-09.58.06:109][  0]LogSlate: New Slate User Created.  User Index 0, Is Virtual User: 0
[2018.11.07-09.58.06:109][  0]LogSlate: Slate User Registered.  User Index 0, Is Virtual User: 0
[2018.11.07-09.58.06:276][  0]LogHMD: Failed to initialize OpenVR with code 110
[2018.11.07-09.58.06:276][  0]LogD3D11RHI: D3D11 adapters:
[2018.11.07-09.58.06:339][  0]LogD3D11RHI:    0. 'NVIDIA GeForce GTX 1080 Ti' (Feature Level 11_0)
[2018.11.07-09.58.06:339][  0]LogD3D11RHI:       11127/0/16360 MB DedicatedVideo/DedicatedSystem/SharedSystem, Outputs:1, VendorId:0x10de
[2018.11.07-09.58.06:341][  0]LogD3D11RHI:    1. 'Microsoft Basic Render Driver' (Feature Level 11_0)
[2018.11.07-09.58.06:342][  0]LogD3D11RHI:       0/0/16360 MB DedicatedVideo/DedicatedSystem/SharedSystem, Outputs:0, VendorId:0x1414
[2018.11.07-09.58.06:342][  0]LogD3D11RHI: Chosen D3D11 Adapter: 0
[2018.11.07-09.58.06:347][  0]LogD3D11RHI: Creating new Direct3DDevice
[2018.11.07-09.58.06:347][  0]LogD3D11RHI:     GPU DeviceId: 0x1b06 (for the marketing name, search the web for "GPU Device Id")
[2018.11.07-09.58.06:347][  0]LogWindows: EnumDisplayDevices:
[2018.11.07-09.58.06:347][  0]LogWindows:    0. 'NVIDIA GeForce GTX 1080 Ti' (P:1 D:1)
[2018.11.07-09.58.06:347][  0]LogWindows:    1. 'NVIDIA GeForce GTX 1080 Ti' (P:0 D:0)
[2018.11.07-09.58.06:347][  0]LogWindows:    2. 'NVIDIA GeForce GTX 1080 Ti' (P:0 D:0)
[2018.11.07-09.58.06:347][  0]LogWindows:    3. 'NVIDIA GeForce GTX 1080 Ti' (P:0 D:0)
[2018.11.07-09.58.06:348][  0]LogWindows: DebugString: FoundDriverCount:4 
[2018.11.07-09.58.06:348][  0]LogD3D11RHI:     Adapter Name: NVIDIA GeForce GTX 1080 Ti
[2018.11.07-09.58.06:348][  0]LogD3D11RHI:   Driver Version: 398.36 (internal:24.21.13.9836, unified:398.36)
[2018.11.07-09.58.06:348][  0]LogD3D11RHI:      Driver Date: 6-24-2018
[2018.11.07-09.58.06:348][  0]LogRHI: Texture pool is 7788 MB (70% of 11127 MB)
[2018.11.07-09.58.06:386][  0]LogD3D11RHI: Async texture creation enabled
[2018.11.07-09.58.06:410][  0]LogD3D11RHI: GPU Timing Frequency: 1000.000000 (Debug: 2 2)
[2018.11.07-09.58.06:457][  0]LogShaderCompilers: Guid format shader working directory is -16 characters bigger than the processId version (../../../../UE4 Current Projects/JamCraft2/JamCraft-3/JamCraft/Intermediate/Shaders/WorkingDirectory/1348/).
[2018.11.07-09.58.06:458][  0]LogShaderCompilers: Cleaned the shader compiler working directory 'C:/Users/lewis/AppData/Local/Temp/UnrealShaderWorkingDir/D8D4D74840F7BFDEEF89F5B8AE25D064/'.
[2018.11.07-09.58.06:704][  0]LogTemp: Display: Loaded TP AllDesktopTargetPlatform
[2018.11.07-09.58.06:716][  0]LogTemp: Display: Loaded TP MacClientTargetPlatform
[2018.11.07-09.58.06:728][  0]LogTemp: Display: Loaded TP MacNoEditorTargetPlatform
[2018.11.07-09.58.06:740][  0]LogTemp: Display: Loaded TP MacServerTargetPlatform
[2018.11.07-09.58.06:753][  0]LogTemp: Display: Loaded TP MacTargetPlatform
[2018.11.07-09.58.06:765][  0]LogTemp: Display: Loaded TP WindowsClientTargetPlatform
[2018.11.07-09.58.06:777][  0]LogTemp: Display: Loaded TP WindowsNoEditorTargetPlatform
[2018.11.07-09.58.06:788][  0]LogTemp: Display: Loaded TP WindowsServerTargetPlatform
[2018.11.07-09.58.06:794][  0]LogTemp: Display: Loaded TP WindowsTargetPlatform
[2018.11.07-09.58.06:868][  0]LogTemp: Display: Loaded TP AndroidTargetPlatform
[2018.11.07-09.58.06:868][  0]LogTemp: Display: Loaded TP AndroidTargetPlatform
[2018.11.07-09.58.06:868][  0]LogTemp: Display: Loaded TP AndroidTargetPlatform
[2018.11.07-09.58.06:868][  0]LogTemp: Display: Loaded TP AndroidTargetPlatform
[2018.11.07-09.58.06:868][  0]LogTemp: Display: Loaded TP AndroidTargetPlatform
[2018.11.07-09.58.06:868][  0]LogTemp: Display: Loaded TP AndroidTargetPlatform
[2018.11.07-09.58.06:868][  0]LogTemp: Display: Loaded TP AndroidTargetPlatform
[2018.11.07-09.58.06:868][  0]LogTemp: Display: Loaded TP AndroidTargetPlatform
[2018.11.07-09.58.06:868][  0]LogTemp: Display: Loaded TP AndroidTargetPlatform
[2018.11.07-09.58.06:868][  0]LogTemp: Display: Loaded TP AndroidTargetPlatform
[2018.11.07-09.58.06:869][  0]LogTemp: Display: Loaded TP AndroidTargetPlatform
[2018.11.07-09.58.06:869][  0]LogTemp: Display: Loaded TP AndroidTargetPlatform
[2018.11.07-09.58.06:869][  0]LogTemp: Display: Loaded TP AndroidTargetPlatform
[2018.11.07-09.58.06:869][  0]LogTemp: Display: Loaded TP AndroidTargetPlatform
[2018.11.07-09.58.06:869][  0]LogTemp: Display: Loaded TP AndroidTargetPlatform
[2018.11.07-09.58.06:869][  0]LogTemp: Display: Loaded TP AndroidTargetPlatform
[2018.11.07-09.58.06:869][  0]LogTemp: Display: Loaded TP AndroidTargetPlatform
[2018.11.07-09.58.06:869][  0]LogTemp: Display: Loaded TP AndroidTargetPlatform
[2018.11.07-09.58.06:870][  0]LogTemp: Display: Loaded TP HTML5TargetPlatform
[2018.11.07-09.58.06:926][  0]LogTemp: Display: Loaded TP IOSTargetPlatform
[2018.11.07-09.58.06:926][  0]LogTemp: Display: Loaded TP IOSTargetPlatform
[2018.11.07-09.58.06:948][  0]LogTemp: Display: Loaded TP TVOSTargetPlatform
[2018.11.07-09.58.06:948][  0]LogTemp: Display: Loaded TP TVOSTargetPlatform
[2018.11.07-09.58.06:960][  0]LogTemp: Display: Loaded TP LinuxClientTargetPlatform
[2018.11.07-09.58.06:972][  0]LogTemp: Display: Loaded TP LinuxNoEditorTargetPlatform
[2018.11.07-09.58.06:983][  0]LogTemp: Display: Loaded TP LinuxServerTargetPlatform
[2018.11.07-09.58.06:995][  0]LogTemp: Display: Loaded TP LinuxTargetPlatform
[2018.11.07-09.58.07:004][  0]LogTemp: Display: Loaded TP LuminTargetPlatform
[2018.11.07-09.58.07:004][  0]LogTargetPlatformManager: Display: Building Assets For Windows
[2018.11.07-09.58.07:046][  0]LogXGEController: Cleaning working directory: C:/Users/lewis/AppData/Local/Temp/UnrealXGEWorkingDir/
[2018.11.07-09.58.07:047][  0]LogXGEController: Cannot use XGE Controller as Incredibuild is not installed on this machine.
[2018.11.07-09.58.07:047][  0]LogShaderCompilers: Cannot use XGE Shader Compiler as Incredibuild is not installed on this machine.
[2018.11.07-09.58.07:047][  0]LogShaderCompilers: Display: Using Local Shader Compiler.
[2018.11.07-09.58.07:674][  0]LogDerivedDataCache: Display: Max Cache Size: 512 MB
[2018.11.07-09.58.07:725][  0]LogDerivedDataCache: Loaded boot cache 0.05s 71MB C:/Users/lewis/AppData/Local/UnrealEngine/4.20/DerivedDataCache/Boot.ddc.
[2018.11.07-09.58.07:725][  0]LogDerivedDataCache: Display: Loaded Boot cache: C:/Users/lewis/AppData/Local/UnrealEngine/4.20/DerivedDataCache/Boot.ddc
[2018.11.07-09.58.07:725][  0]LogDerivedDataCache: FDerivedDataBackendGraph:  Pak pak cache file ../../../../UE4 Current Projects/JamCraft2/JamCraft-3/JamCraft/DerivedDataCache/DDC.ddp not found, will not use a pak cache.
[2018.11.07-09.58.07:725][  0]LogDerivedDataCache: Unable to find inner node Pak for hierarchical cache Hierarchy.
[2018.11.07-09.58.07:725][  0]LogDerivedDataCache: FDerivedDataBackendGraph:  CompressedPak pak cache file ../../../../UE4 Current Projects/JamCraft2/JamCraft-3/JamCraft/DerivedDataCache/Compressed.ddp not found, will not use a pak cache.
[2018.11.07-09.58.07:725][  0]LogDerivedDataCache: Unable to find inner node CompressedPak for hierarchical cache Hierarchy.
[2018.11.07-09.58.07:737][  0]LogDerivedDataCache: Display: Pak cache opened for reading ../../../Engine/DerivedDataCache/Compressed.ddp.
[2018.11.07-09.58.07:750][  0]LogDerivedDataCache: Using Local data cache path C:/Users/lewis/AppData/Local/UnrealEngine/Common/DerivedDataCache: Writable
[2018.11.07-09.58.07:750][  0]LogDerivedDataCache: Shared data cache path not found in *engine.ini, will not use an Shared cache.
[2018.11.07-09.58.07:750][  0]LogDerivedDataCache: Unable to find inner node Shared for hierarchical cache Hierarchy.
[2018.11.07-09.58.07:767][  0]LogMaterial: Verifying Global Shaders for PCD3D_SM5
[2018.11.07-09.58.07:768][  0]LogSlate: Using FreeType 2.6.0
[2018.11.07-09.58.07:768][  0]LogSlate: SlateFontServices - WITH_FREETYPE: 1, WITH_HARFBUZZ: 1
[2018.11.07-09.58.07:837][  0]LogAssetRegistry: FAssetRegistry took 0.0256 seconds to start up
[2018.11.07-09.58.08:123][  0]LogInit: Selected Device Profile: [Windows]
[2018.11.07-09.58.08:238][  0]LogSimplygon: Simplygon DLL not present - disabling.
[2018.11.07-09.58.08:241][  0]LogMeshReduction: Using SimplygonSwarm for distributed automatic mesh merging
[2018.11.07-09.58.08:241][  0]LogMeshReduction: Using ProxyLODMeshReduction for automatic mesh merging
[2018.11.07-09.58.08:241][  0]LogMeshReduction: Using QuadricMeshReduction for automatic static mesh reduction
[2018.11.07-09.58.08:241][  0]LogMeshReduction: No automatic skeletal mesh reduction module available
[2018.11.07-09.58.08:260][  0]LogNetVersion: JamCraft 1.0.0, NetCL: 4212847, EngineNetVer: 5, GameNetVer: 0 (Checksum: 1600867895)
[2018.11.07-09.58.08:732][  0]LogPackageLocalizationCache: Processed 12 localized package path(s) for 2 prioritized culture(s) in 0.098116 seconds
[2018.11.07-09.58.08:739][  0]LogUObjectArray: 38425 objects as part of root set at end of initial load.
[2018.11.07-09.58.08:739][  0]LogUObjectAllocator: 6690872 out of 0 bytes used by permanent object pool.
[2018.11.07-09.58.08:739][  0]LogUObjectArray: CloseDisregardForGC: 0/0 objects in disregard for GC pool
[2018.11.07-09.58.09:496][  0]LogFMOD: FFMODStudioModule startup
[2018.11.07-09.58.09:496][  0]LogFMOD:  Lib path = '../../../Engine/Plugins/FMODStudio/Binaries'
[2018.11.07-09.58.09:496][  0]LogFMOD: FFMODStudioModule::LoadDll: Loading ../../../Engine/Plugins/FMODStudio/Binaries/Win64/fmodL64.dll
[2018.11.07-09.58.09:499][  0]LogFMOD: FFMODStudioModule::LoadDll: Loading ../../../Engine/Plugins/FMODStudio/Binaries/Win64/fmodstudioL64.dll
[2018.11.07-09.58.09:533][  0]LogFMOD: Loading strings bank: ../../../../UE4 Current Projects/JamCraft2/JamCraft-3/JamCraft/Content/FMOD/Desktop/Master Bank.strings.bank
[2018.11.07-09.58.09:535][  0]LogFMOD: Error: f:\jk\workspace\1.10_UE4.20_Win64\studio_api\src\fmod_bankmodel.cpp(163) - Failed to open file '../../../../UE4 Current Projects/JamCraft2/JamCraft-3/JamCraft/Content/FMOD/Desktop/Master Bank.strings.bank'

[2018.11.07-09.58.09:535][  0]LogFMOD: Warning: Failed to load strings bank: ../../../../UE4 Current Projects/JamCraft2/JamCraft-3/JamCraft/Content/FMOD/Desktop/Master Bank.strings.bank
[2018.11.07-09.58.09:538][  0]LogFMOD: Default sample rate = 48000
[2018.11.07-09.58.09:538][  0]LogFMOD: System sample rate = 48000
[2018.11.07-09.58.09:538][  0]LogFMOD: Matching system sample rate 48000
[2018.11.07-09.58.09:562][  0]LogFMOD: Default sample rate = 48000
[2018.11.07-09.58.09:562][  0]LogFMOD: System sample rate = 48000
[2018.11.07-09.58.09:562][  0]LogFMOD: Matching system sample rate 48000
[2018.11.07-09.58.09:579][  0]LogTcpMessaging: Initializing TcpMessaging bridge
[2018.11.07-09.58.09:593][  0]LogUdpMessaging: Initializing bridge on interface 0.0.0.0:0 to multicast group 230.0.0.1:6666.
[2018.11.07-09.58.09:732][  0]SourceControl: Source control is disabled
[2018.11.07-09.58.10:044][  0]LogFMOD: FFMODStudioEditorModule startup
[2018.11.07-09.58.10:162][  0]LogAndroidPermission: UAndroidPermissionCallbackProxy::GetInstance
[2018.11.07-09.58.10:209][  0]LogOcInput: OculusInput pre-init called
[2018.11.07-09.58.10:262][  0]LogEngine: Initializing Engine...
[2018.11.07-09.58.10:264][  0]LogHMD: Failed to initialize OpenVR with code 110
[2018.11.07-09.58.10:265][  0]LogStats: UGameplayTagsManager::ConstructGameplayTagTree: ImportINI prefixes -  0.000 s
[2018.11.07-09.58.10:265][  0]LogStats: UGameplayTagsManager::ConstructGameplayTagTree: Construct from data asset -  0.000 s
[2018.11.07-09.58.10:265][  0]LogStats: UGameplayTagsManager::ConstructGameplayTagTree: ImportINI -  0.000 s
[2018.11.07-09.58.10:265][  0]LogStats: UGameplayTagsManager::ConstructGameplayTagTree: GameplayTagTreeChangedEvent.Broadcast -  0.000 s
[2018.11.07-09.58.10:462][  0]LogInit: Initializing FReadOnlyCVARCache
[2018.11.07-09.58.10:472][  0]LogAIModule: Creating AISystem for world Untitled
[2018.11.07-09.58.10:491][  0]LogInit: XAudio2 using 'Headphones (Realtek High Definition Audio)' : 2 channels at 48 kHz using 32 bits per sample (channel mask 0x3)
[2018.11.07-09.58.10:507][  0]LogInit: FAudioDevice initialized.
[2018.11.07-09.58.10:508][  0]LogNetVersion: Set ProjectVersion to 1.0.0.0. Version Checksum will be recalculated on next use.
[2018.11.07-09.58.10:628][  0]LogDerivedDataCache: Saved boot cache 0.12s 71MB C:/Users/lewis/AppData/Local/UnrealEngine/4.20/DerivedDataCache/Boot.ddc.
[2018.11.07-09.58.10:633][  0]LogInit: Texture streaming: Enabled
[2018.11.07-09.58.10:644][  0]LogEngineSessionManager: EngineSessionManager initialized
[2018.11.07-09.58.10:654][  0]LogInit: Transaction tracking system initialized
[2018.11.07-09.58.10:668][  0]BlueprintLog: New page: Editor Load
[2018.11.07-09.58.10:727][  0]LocalizationService: Localization service is disabled
[2018.11.07-09.58.10:968][  0]LogCook: Display: Max memory allowance for cook 16384mb min free memory 0mb
[2018.11.07-09.58.10:968][  0]LogCook: Display: Mobile HDR setting 1
[2018.11.07-09.58.10:968][  0]LogGameplayTags: Display: UGameplayTagsManager::DoneAddingNativeTags. DelegateIsBound: 0
[2018.11.07-09.58.10:968][  0]LogStats: UGameplayTagsManager::ConstructGameplayTagTree: ImportINI prefixes -  0.000 s
[2018.11.07-09.58.10:968][  0]LogStats: UGameplayTagsManager::ConstructGameplayTagTree: Construct from data asset -  0.000 s
[2018.11.07-09.58.10:968][  0]LogStats: UGameplayTagsManager::ConstructGameplayTagTree: ImportINI -  0.000 s
[2018.11.07-09.58.10:968][  0]LogStats: UGameplayTagsManager::ConstructGameplayTagTree: GameplayTagTreeChangedEvent.Broadcast -  0.000 s
[2018.11.07-09.58.11:066][  0]LogFileCache: Scanning file cache for directory 'D:/UE4 Current Projects/JamCraft2/JamCraft-3/JamCraft/Content/' took 0.02s
[2018.11.07-09.58.11:066][  0]Cmd: MAP LOAD FILE="../../../../UE4 Current Projects/JamCraft2/JamCraft-3/JamCraft/Content/Maps/EntryLevel.umap" TEMPLATE=0 SHOWPROGRESS=1 FEATURELEVEL=3
[2018.11.07-09.58.11:067][  0]LightingResults: New page: Lighting Build
[2018.11.07-09.58.11:068][  0]MapCheck: New page: Map Check
[2018.11.07-09.58.11:068][  0]LightingResults: New page: Lighting Build
[2018.11.07-09.58.11:092][  0]LogAIModule: Creating AISystem for world EntryLevel
[2018.11.07-09.58.11:093][  0]LogEditorServer: Finished looking for orphan Actors (0.000 secs)
[2018.11.07-09.58.11:114][  0]Cmd: MAP CHECKDEP NOCLEARLOG
[2018.11.07-09.58.11:157][  0]MapCheck: Map check complete: 0 Error(s), 0 Warning(s), took 43.346ms to complete.
[2018.11.07-09.58.11:157][  0]LogFileHelpers: Loading map 'EntryLevel' took 0.091
[2018.11.07-09.58.11:244][  0]LogCollectionManager: Loaded 0 collections in 0.001126 seconds
[2018.11.07-09.58.11:286][  0]LogFileCache: Scanning file cache for directory 'D:/UE4 Current Projects/JamCraft2/JamCraft-3/JamCraft/Saved/Collections/' took 0.01s
[2018.11.07-09.58.11:286][  0]LogFileCache: Scanning file cache for directory 'D:/UE4 Current Projects/JamCraft2/JamCraft-3/JamCraft/Content/Developers/lewis/Collections/' took 0.01s
[2018.11.07-09.58.11:286][  0]LogFileCache: Scanning file cache for directory 'D:/UE4 Current Projects/JamCraft2/JamCraft-3/JamCraft/Content/Collections/' took 0.01s
[2018.11.07-09.58.11:286][  0]LogCollectionManager: Rebuilt the GUID cache for 0 collections in 0.000000 seconds
[2018.11.07-09.58.11:295][  0]LogContentBrowser: Native class hierarchy populated in 0.0088 seconds. Added 2588 classes and 610 folders.
[2018.11.07-09.58.11:300][  0]LogContentBrowser: Native class hierarchy updated for 'WidgetCarousel' in 0.0002 seconds. Added 0 classes and 0 folders.
[2018.11.07-09.58.11:339][  0]LogContentBrowser: Native class hierarchy updated for 'AddContentDialog' in 0.0002 seconds. Added 0 classes and 0 folders.
[2018.11.07-09.58.11:360][  0]LogSlate: Updating window title bar state: overlay mode, drag disabled, window buttons hidden, title bar hidden
[2018.11.07-09.58.11:369][  0]LogSlate: Updating window title bar state: overlay mode, drag disabled, window buttons hidden, title bar hidden
[2018.11.07-09.58.11:377][  0]LogSlate: Updating window title bar state: overlay mode, drag disabled, window buttons hidden, title bar hidden
[2018.11.07-09.58.11:385][  0]LogSlate: Updating window title bar state: overlay mode, drag disabled, window buttons hidden, title bar hidden
[2018.11.07-09.58.11:389][  0]LogContentBrowser: Native class hierarchy updated for 'SceneOutliner' in 0.0002 seconds. Added 1 classes and 2 folders.
[2018.11.07-09.58.11:442][  0]LogSlate: Took 0.000269 seconds to synchronously load lazily loaded font '../../../Engine/Content/Slate/Fonts/Roboto-Regular.ttf' (155K)
[2018.11.07-09.58.11:443][  0]LogSlate: Took 0.000166 seconds to synchronously load lazily loaded font '../../../Engine/Content/Editor/Slate/Fonts/FontAwesome.ttf' (139K)
[2018.11.07-09.58.11:443][  0]LogSlate: Took 0.000132 seconds to synchronously load lazily loaded font '../../../Engine/Content/Slate/Fonts/Roboto-Bold.ttf' (160K)
[2018.11.07-09.58.11:507][  0]LogRenderer: Reallocating scene render targets to support 976x892 Format 10 NumSamples 1 (Frame:1).
[2018.11.07-09.58.11:600][  0]LogSlate: FSceneViewport::OnFocusLost() reason 2
[2018.11.07-09.58.11:602][  0]LogWindowsTextInputMethodSystem: Display: IME system now deactivated.
[2018.11.07-09.58.11:665][  0]LogContentBrowser: Native class hierarchy updated for 'HierarchicalLODOutliner' in 0.0002 seconds. Added 0 classes and 0 folders.
[2018.11.07-09.58.11:665][  0]LogLoad: (Engine Initialization) Total time: 7.23 seconds
[2018.11.07-09.58.11:665][  0]LogLoad: (Engine Initialization) Total Blueprint compile time: 0.00 seconds
[2018.11.07-09.58.11:705][  0]LogContentStreaming: Texture pool size now 3000 MB
[2018.11.07-09.58.11:740][  0]LogSlate: Took 0.000163 seconds to synchronously load lazily loaded font '../../../Engine/Content/Slate/Fonts/Roboto-Light.ttf' (167K)
[2018.11.07-09.58.11:749][  1]LogFileCache: Retrieving MD5 hashes for directory 'D:/UE4 Current Projects/JamCraft2/JamCraft-3/JamCraft/Content/' took 0.06s
[2018.11.07-09.58.11:785][  2]LogAssetRegistry: Asset discovery search completed in 3.9706 seconds
[2018.11.07-09.58.11:788][  2]LogCollectionManager: Rebuilt the object cache for 0 collections in 0.000000 seconds (found 0 objects)
[2018.11.07-09.58.11:788][  2]LogCollectionManager: Fixed up redirectors for 0 collections in 0.000053 seconds (updated 0 objects)
[2018.11.07-09.58.13:353][184]LogSlate: FSceneViewport::OnFocusLost() reason 2
[2018.11.07-09.58.14:724][348]LogSlate: FSceneViewport::OnFocusLost() reason 2
[2018.11.07-09.58.14:727][348]LogDirectoryWatcher: Warning: Failed to begin reading directory changes for ../../../../UE4 Current Projects/JamCraft2/JamCraft-3/JamCraft/Plugins/. Error: The system cannot find the file specified. (0x00000002)
[2018.11.07-09.58.45:653][ 44]LogSlate: Window 'Plugins' being destroyed
[2018.11.07-09.58.45:656][ 44]LogDirectoryWatcher: A directory notification for '../../../Engine/Plugins/' was aborted.
[2018.11.07-09.58.46:028][ 88]LogSlate: FSceneViewport::OnFocusLost() reason 2
[2018.11.07-09.58.47:103][216]SourceControl: fatal: D:/UE_4.20/Engine/Content: 'D:/UE_4.20/Engine/Content' is outside repository
[2018.11.07-09.58.47:200][216]LogPackageName: Error: Illegal call to DoesPackageExist: '../../../../UE4 Current Projects/JamCraft2/JamCraft-3/JamCraft/JamCraft.uproject' is not a standard unreal filename or a long path name. Reason: Path should be no less than 4 characters long.
[2018.11.07-09.58.48:075][216]LogStats: FPlatformStackWalk::StackWalkAndDump -  0.876 s
[2018.11.07-09.58.48:075][216]LogOutputDevice: Error: === Handled ensure: ===
[2018.11.07-09.58.48:075][216]LogOutputDevice: Error: 
[2018.11.07-09.58.48:075][216]LogOutputDevice: Error: Ensure condition failed: false [File:D:\Build\++UE4\Sync\Engine\Source\Runtime\CoreUObject\Private\Misc\PackageName.cpp] [Line: 822]
[2018.11.07-09.58.48:075][216]LogOutputDevice: Error: Illegal call to DoesPackageExist: '../../../../UE4 Current Projects/JamCraft2/JamCraft-3/JamCraft/JamCraft.uproject' is not a standard unreal filename or a long path name. Reason: Path should be no less than 4 characters long.
[2018.11.07-09.58.48:075][216]LogOutputDevice: Error: Stack: 
[2018.11.07-09.58.48:075][216]LogOutputDevice: Error: [Callstack] 0x00007ffdec5c71f6 UE4Editor-Core.dll!UnknownFunction []
[2018.11.07-09.58.48:075][216]LogOutputDevice: Error: [Callstack] 0x00007ffdec300c92 UE4Editor-Core.dll!UnknownFunction []
[2018.11.07-09.58.48:075][216]LogOutputDevice: Error: [Callstack] 0x00007ffdec31b356 UE4Editor-Core.dll!UnknownFunction []
[2018.11.07-09.58.48:075][216]LogOutputDevice: Error: [Callstack] 0x00007ffdd9a64857 UE4Editor-CoreUObject.dll!UnknownFunction []
[2018.11.07-09.58.48:075][216]LogOutputDevice: Error: [Callstack] 0x00007ffde66681a5 UE4Editor-SourceControl.dll!UnknownFunction []
[2018.11.07-09.58.48:075][216]LogOutputDevice: Error: [Callstack] 0x00007ffde6668339 UE4Editor-SourceControl.dll!UnknownFunction []
[2018.11.07-09.58.48:075][216]LogOutputDevice: Error: [Callstack] 0x00007ffdc83a4e8d UE4Editor-SourceControlWindows.dll!UnknownFunction []
[2018.11.07-09.58.48:075][216]LogOutputDevice: Error: [Callstack] 0x00007ffdc835804e UE4Editor-SourceControlWindows.dll!UnknownFunction []
[2018.11.07-09.58.48:075][216]LogOutputDevice: Error: [Callstack] 0x00007ffdc83575df UE4Editor-SourceControlWindows.dll!UnknownFunction []
[2018.11.07-09.58.48:075][216]LogOutputDevice: Error: [Callstack] 0x00007ffdc8371f71 UE4Editor-SourceControlWindows.dll!UnknownFunction []
[2018.11.07-09.58.48:075][216]LogOutputDevice: Error: [Callstack] 0x00007ffdb295f32c UE4Editor-GitSourceControl.dll!UnknownFunction []
[2018.11.07-09.58.48:075][216]LogOutputDevice: Error: [Callstack] 0x00007ffdb2964e51 UE4Editor-GitSourceControl.dll!UnknownFunction []
[2018.11.07-09.58.48:075][216]LogOutputDevice: Error: [Callstack] 0x00007ffde666e737 UE4Editor-SourceControl.dll!UnknownFunction []
[2018.11.07-09.58.48:075][216]LogOutputDevice: Error: [Callstack] 0x00007ffdd4d87aee UE4Editor-UnrealEd.dll!UnknownFunction []
[2018.11.07-09.58.48:075][216]LogOutputDevice: Error: [Callstack] 0x00007ffdd567f666 UE4Editor-UnrealEd.dll!UnknownFunction []
[2018.11.07-09.58.48:075][216]LogOutputDevice: Error: [Callstack] 0x00007ff7caa75cbd UE4Editor.exe!UnknownFunction []
[2018.11.07-09.58.48:075][216]LogOutputDevice: Error: [Callstack] 0x00007ff7caa85b3c UE4Editor.exe!UnknownFunction []
[2018.11.07-09.58.48:075][216]LogOutputDevice: Error: [Callstack] 0x00007ff7caa85bba UE4Editor.exe!UnknownFunction []
[2018.11.07-09.58.48:076][216]LogOutputDevice: Error: [Callstack] 0x00007ff7caa93dac UE4Editor.exe!UnknownFunction []
[2018.11.07-09.58.48:076][216]LogOutputDevice: Error: [Callstack] 0x00007ff7caa95aaa UE4Editor.exe!UnknownFunction []
[2018.11.07-09.58.48:076][216]LogOutputDevice: Error: [Callstack] 0x00007ffe1c533034 KERNEL32.DLL!UnknownFunction []
[2018.11.07-09.58.48:076][216]LogOutputDevice: Error: [Callstack] 0x00007ffe1e041461 ntdll.dll!UnknownFunction []
[2018.11.07-09.58.48:076][216]LogOutputDevice: Error: 
[2018.11.07-09.58.48:078][216]LogStats:                SubmitErrorReport -  0.000 s
[2018.11.07-09.58.48:697][216]LogFMOD: Warning: f:\jk\workspace\1.10_UE4.20_Win64\lowlevel_api\platforms\win\src\fmod_output_wasapi.cpp(549) - Starvation detected in WASAPI output buffer!

[2018.11.07-09.58.48:697][216]LogFMOD: Warning: f:\jk\workspace\1.10_UE4.20_Win64\lowlevel_api\platforms\win\src\fmod_output_wasapi.cpp(549) - Starvation detected in WASAPI output buffer!

[2018.11.07-09.58.48:714][216]LogStats:                    SendNewReport -  0.636 s
[2018.11.07-09.58.48:714][216]LogStats:             FDebug::EnsureFailed -  1.515 s
[2018.11.07-09.58.48:723][216]LogSlate: FSceneViewport::OnFocusLost() reason 2
[2018.11.07-09.58.52:542][216]LogSlate: Window 'Submit Files' being destroyed
[2018.11.07-09.58.52:552][216]LogSlate: FSceneViewport::OnFocusLost() reason 2
[2018.11.07-09.58.52:804][216]LogSlate: FSceneViewport::OnFocusLost() reason 2
[2018.11.07-09.58.53:321][216]LogSourceControl: commit successful: [master b346764] 122334
[2018.11.07-09.58.53:542][216]SourceControl: [master b346764] 122334
[2018.11.07-09.58.53:542][216]SourceControl:  9 files changed, 7 insertions(+), 1 deletion(-)
[2018.11.07-09.58.53:542][216]SourceControl:  rewrite JamCraft/Content/Character/Mesh/20_Skeleton.uasset (75%)
[2018.11.07-09.58.53:542][216]SourceControl:  rewrite JamCraft/Content/ParagonAnimations/Gideon/AO_Blendspace.uasset (99%)
[2018.11.07-09.58.53:542][216]SourceControl:  rewrite JamCraft/Content/ParagonAnimations/Gideon/Idle__21_.uasset (99%)
[2018.11.07-09.58.53:542][216]SourceControl:  create mode 100644 JamCraft/Content/ParagonAnimations/MyAnims/AO_Blendspace.uasset
[2018.11.07-09.58.53:542][216]SourceControl:  create mode 100644 JamCraft/Content/ParagonAnimations/MyAnims/Idle__21_.uasset
[2018.11.07-09.58.53:547][216]SourceControl: Commited [master b346764] 122334.
>>>>>>> b649a1ce05a9b6d1f289489cac45b54ad1910b17
